{"/Users/jonasbarysas/Desktop/WEBDEVPROJECTS/ARENATOOL/arena-pm-tool/server/controllers/authController.js": {"path":"/Users/jonasbarysas/Desktop/WEBDEVPROJECTS/ARENATOOL/arena-pm-tool/server/controllers/authController.js","statementMap":{"0":{"start":{"line":4,"column":15},"end":{"line":4,"column":34}},"1":{"start":{"line":5,"column":12},"end":{"line":5,"column":35}},"2":{"start":{"line":6,"column":18},"end":{"line":6,"column":47}},"3":{"start":{"line":9,"column":22},"end":{"line":15,"column":1}},"4":{"start":{"line":10,"column":2},"end":{"line":14,"column":4}},"5":{"start":{"line":18,"column":17},"end":{"line":118,"column":1}},"6":{"start":{"line":19,"column":2},"end":{"line":117,"column":3}},"7":{"start":{"line":20,"column":38},"end":{"line":20,"column":46}},"8":{"start":{"line":23,"column":4},"end":{"line":28,"column":5}},"9":{"start":{"line":24,"column":6},"end":{"line":27,"column":9}},"10":{"start":{"line":31,"column":23},"end":{"line":31,"column":51}},"11":{"start":{"line":32,"column":4},"end":{"line":37,"column":5}},"12":{"start":{"line":33,"column":6},"end":{"line":36,"column":9}},"13":{"start":{"line":40,"column":4},"end":{"line":45,"column":5}},"14":{"start":{"line":41,"column":6},"end":{"line":44,"column":9}},"15":{"start":{"line":48,"column":25},"end":{"line":51,"column":5}},"16":{"start":{"line":53,"column":4},"end":{"line":58,"column":5}},"17":{"start":{"line":54,"column":6},"end":{"line":57,"column":9}},"18":{"start":{"line":61,"column":17},"end":{"line":61,"column":41}},"19":{"start":{"line":62,"column":27},"end":{"line":62,"column":60}},"20":{"start":{"line":65,"column":22},"end":{"line":65,"column":63}},"21":{"start":{"line":66,"column":4},"end":{"line":71,"column":5}},"22":{"start":{"line":67,"column":6},"end":{"line":70,"column":9}},"23":{"start":{"line":74,"column":24},"end":{"line":74,"column":63}},"24":{"start":{"line":75,"column":17},"end":{"line":75,"column":49}},"25":{"start":{"line":77,"column":19},"end":{"line":80,"column":5}},"26":{"start":{"line":82,"column":20},"end":{"line":82,"column":34}},"27":{"start":{"line":85,"column":18},"end":{"line":85,"column":72}},"28":{"start":{"line":88,"column":4},"end":{"line":93,"column":7}},"29":{"start":{"line":96,"column":4},"end":{"line":109,"column":7}},"30":{"start":{"line":111,"column":4},"end":{"line":111,"column":48}},"31":{"start":{"line":112,"column":4},"end":{"line":116,"column":7}},"32":{"start":{"line":121,"column":14},"end":{"line":192,"column":1}},"33":{"start":{"line":122,"column":2},"end":{"line":191,"column":3}},"34":{"start":{"line":123,"column":32},"end":{"line":123,"column":40}},"35":{"start":{"line":126,"column":4},"end":{"line":131,"column":5}},"36":{"start":{"line":127,"column":6},"end":{"line":130,"column":9}},"37":{"start":{"line":134,"column":19},"end":{"line":137,"column":5}},"38":{"start":{"line":139,"column":4},"end":{"line":144,"column":5}},"39":{"start":{"line":140,"column":6},"end":{"line":143,"column":9}},"40":{"start":{"line":146,"column":17},"end":{"line":146,"column":31}},"41":{"start":{"line":149,"column":28},"end":{"line":149,"column":73}},"42":{"start":{"line":151,"column":4},"end":{"line":156,"column":5}},"43":{"start":{"line":152,"column":6},"end":{"line":155,"column":9}},"44":{"start":{"line":159,"column":18},"end":{"line":159,"column":63}},"45":{"start":{"line":162,"column":4},"end":{"line":167,"column":7}},"46":{"start":{"line":170,"column":4},"end":{"line":183,"column":7}},"47":{"start":{"line":185,"column":4},"end":{"line":185,"column":41}},"48":{"start":{"line":186,"column":4},"end":{"line":190,"column":7}},"49":{"start":{"line":195,"column":15},"end":{"line":212,"column":1}},"50":{"start":{"line":196,"column":2},"end":{"line":211,"column":3}},"51":{"start":{"line":198,"column":4},"end":{"line":198,"column":29}},"52":{"start":{"line":200,"column":4},"end":{"line":203,"column":7}},"53":{"start":{"line":205,"column":4},"end":{"line":205,"column":42}},"54":{"start":{"line":206,"column":4},"end":{"line":210,"column":7}},"55":{"start":{"line":215,"column":23},"end":{"line":253,"column":1}},"56":{"start":{"line":216,"column":2},"end":{"line":252,"column":3}},"57":{"start":{"line":218,"column":19},"end":{"line":221,"column":5}},"58":{"start":{"line":223,"column":4},"end":{"line":228,"column":5}},"59":{"start":{"line":224,"column":6},"end":{"line":227,"column":9}},"60":{"start":{"line":230,"column":17},"end":{"line":230,"column":31}},"61":{"start":{"line":232,"column":4},"end":{"line":244,"column":7}},"62":{"start":{"line":246,"column":4},"end":{"line":246,"column":52}},"63":{"start":{"line":247,"column":4},"end":{"line":251,"column":7}},"64":{"start":{"line":256,"column":20},"end":{"line":283,"column":1}},"65":{"start":{"line":257,"column":2},"end":{"line":282,"column":3}},"66":{"start":{"line":258,"column":19},"end":{"line":260,"column":5}},"67":{"start":{"line":262,"column":4},"end":{"line":274,"column":7}},"68":{"start":{"line":265,"column":40},"end":{"line":272,"column":9}},"69":{"start":{"line":276,"column":4},"end":{"line":276,"column":49}},"70":{"start":{"line":277,"column":4},"end":{"line":281,"column":7}},"71":{"start":{"line":285,"column":0},"end":{"line":291,"column":2}}},"fnMap":{"0":{"name":"(anonymous_0)","decl":{"start":{"line":9,"column":22},"end":{"line":9,"column":23}},"loc":{"start":{"line":9,"column":47},"end":{"line":15,"column":1}},"line":9},"1":{"name":"(anonymous_1)","decl":{"start":{"line":18,"column":17},"end":{"line":18,"column":18}},"loc":{"start":{"line":18,"column":37},"end":{"line":118,"column":1}},"line":18},"2":{"name":"(anonymous_2)","decl":{"start":{"line":121,"column":14},"end":{"line":121,"column":15}},"loc":{"start":{"line":121,"column":34},"end":{"line":192,"column":1}},"line":121},"3":{"name":"(anonymous_3)","decl":{"start":{"line":195,"column":15},"end":{"line":195,"column":16}},"loc":{"start":{"line":195,"column":35},"end":{"line":212,"column":1}},"line":195},"4":{"name":"(anonymous_4)","decl":{"start":{"line":215,"column":23},"end":{"line":215,"column":24}},"loc":{"start":{"line":215,"column":43},"end":{"line":253,"column":1}},"line":215},"5":{"name":"(anonymous_5)","decl":{"start":{"line":256,"column":20},"end":{"line":256,"column":21}},"loc":{"start":{"line":256,"column":40},"end":{"line":283,"column":1}},"line":256},"6":{"name":"(anonymous_6)","decl":{"start":{"line":265,"column":31},"end":{"line":265,"column":32}},"loc":{"start":{"line":265,"column":40},"end":{"line":272,"column":9}},"line":265}},"branchMap":{"0":{"loc":{"start":{"line":23,"column":4},"end":{"line":28,"column":5}},"type":"if","locations":[{"start":{"line":23,"column":4},"end":{"line":28,"column":5}},{"start":{},"end":{}}],"line":23},"1":{"loc":{"start":{"line":23,"column":8},"end":{"line":23,"column":36}},"type":"binary-expr","locations":[{"start":{"line":23,"column":8},"end":{"line":23,"column":14}},{"start":{"line":23,"column":18},"end":{"line":23,"column":27}},{"start":{"line":23,"column":31},"end":{"line":23,"column":36}}],"line":23},"2":{"loc":{"start":{"line":32,"column":4},"end":{"line":37,"column":5}},"type":"if","locations":[{"start":{"line":32,"column":4},"end":{"line":37,"column":5}},{"start":{},"end":{}}],"line":32},"3":{"loc":{"start":{"line":40,"column":4},"end":{"line":45,"column":5}},"type":"if","locations":[{"start":{"line":40,"column":4},"end":{"line":45,"column":5}},{"start":{},"end":{}}],"line":40},"4":{"loc":{"start":{"line":53,"column":4},"end":{"line":58,"column":5}},"type":"if","locations":[{"start":{"line":53,"column":4},"end":{"line":58,"column":5}},{"start":{},"end":{}}],"line":53},"5":{"loc":{"start":{"line":66,"column":4},"end":{"line":71,"column":5}},"type":"if","locations":[{"start":{"line":66,"column":4},"end":{"line":71,"column":5}},{"start":{},"end":{}}],"line":66},"6":{"loc":{"start":{"line":75,"column":17},"end":{"line":75,"column":49}},"type":"cond-expr","locations":[{"start":{"line":75,"column":31},"end":{"line":75,"column":38}},{"start":{"line":75,"column":41},"end":{"line":75,"column":49}}],"line":75},"7":{"loc":{"start":{"line":126,"column":4},"end":{"line":131,"column":5}},"type":"if","locations":[{"start":{"line":126,"column":4},"end":{"line":131,"column":5}},{"start":{},"end":{}}],"line":126},"8":{"loc":{"start":{"line":126,"column":8},"end":{"line":126,"column":27}},"type":"binary-expr","locations":[{"start":{"line":126,"column":8},"end":{"line":126,"column":14}},{"start":{"line":126,"column":18},"end":{"line":126,"column":27}}],"line":126},"9":{"loc":{"start":{"line":139,"column":4},"end":{"line":144,"column":5}},"type":"if","locations":[{"start":{"line":139,"column":4},"end":{"line":144,"column":5}},{"start":{},"end":{}}],"line":139},"10":{"loc":{"start":{"line":151,"column":4},"end":{"line":156,"column":5}},"type":"if","locations":[{"start":{"line":151,"column":4},"end":{"line":156,"column":5}},{"start":{},"end":{}}],"line":151},"11":{"loc":{"start":{"line":223,"column":4},"end":{"line":228,"column":5}},"type":"if","locations":[{"start":{"line":223,"column":4},"end":{"line":228,"column":5}},{"start":{},"end":{}}],"line":223}},"s":{"0":1,"1":1,"2":1,"3":1,"4":5,"5":1,"6":12,"7":12,"8":12,"9":3,"10":9,"11":9,"12":1,"13":8,"14":1,"15":7,"16":6,"17":1,"18":5,"19":5,"20":5,"21":5,"22":1,"23":4,"24":4,"25":4,"26":4,"27":4,"28":4,"29":4,"30":1,"31":1,"32":1,"33":6,"34":6,"35":6,"36":2,"37":4,"38":3,"39":1,"40":2,"41":2,"42":2,"43":1,"44":1,"45":1,"46":1,"47":1,"48":1,"49":1,"50":1,"51":1,"52":1,"53":0,"54":0,"55":1,"56":3,"57":3,"58":2,"59":1,"60":1,"61":1,"62":1,"63":1,"64":1,"65":3,"66":3,"67":2,"68":2,"69":1,"70":1,"71":1},"f":{"0":5,"1":12,"2":6,"3":1,"4":3,"5":3,"6":2},"b":{"0":[3,9],"1":[12,11,10],"2":[1,8],"3":[1,7],"4":[1,5],"5":[1,4],"6":[3,1],"7":[2,4],"8":[6,5],"9":[1,2],"10":[1,1],"11":[1,1]},"_coverageSchema":"1a1c01bbd47fc00a2c39e90264f33305004495a9","hash":"1733082754ace73bb0d901b5748033d4e66277ad"}
,"/Users/jonasbarysas/Desktop/WEBDEVPROJECTS/ARENATOOL/arena-pm-tool/server/controllers/categoryController.js": {"path":"/Users/jonasbarysas/Desktop/WEBDEVPROJECTS/ARENATOOL/arena-pm-tool/server/controllers/categoryController.js","statementMap":{"0":{"start":{"line":4,"column":18},"end":{"line":4,"column":47}},"1":{"start":{"line":7,"column":25},"end":{"line":45,"column":1}},"2":{"start":{"line":8,"column":2},"end":{"line":44,"column":3}},"3":{"start":{"line":9,"column":19},"end":{"line":19,"column":6}},"4":{"start":{"line":21,"column":4},"end":{"line":36,"column":7}},"5":{"start":{"line":24,"column":44},"end":{"line":34,"column":9}},"6":{"start":{"line":38,"column":4},"end":{"line":38,"column":54}},"7":{"start":{"line":39,"column":4},"end":{"line":43,"column":7}},"8":{"start":{"line":48,"column":24},"end":{"line":93,"column":1}},"9":{"start":{"line":49,"column":2},"end":{"line":92,"column":3}},"10":{"start":{"line":50,"column":19},"end":{"line":50,"column":29}},"11":{"start":{"line":52,"column":19},"end":{"line":59,"column":12}},"12":{"start":{"line":61,"column":4},"end":{"line":66,"column":5}},"13":{"start":{"line":62,"column":6},"end":{"line":65,"column":9}},"14":{"start":{"line":68,"column":16},"end":{"line":68,"column":30}},"15":{"start":{"line":70,"column":4},"end":{"line":84,"column":7}},"16":{"start":{"line":86,"column":4},"end":{"line":86,"column":48}},"17":{"start":{"line":87,"column":4},"end":{"line":91,"column":7}},"18":{"start":{"line":96,"column":23},"end":{"line":166,"column":1}},"19":{"start":{"line":97,"column":2},"end":{"line":165,"column":3}},"20":{"start":{"line":98,"column":40},"end":{"line":98,"column":48}},"21":{"start":{"line":101,"column":4},"end":{"line":106,"column":5}},"22":{"start":{"line":102,"column":6},"end":{"line":105,"column":9}},"23":{"start":{"line":109,"column":4},"end":{"line":114,"column":5}},"24":{"start":{"line":110,"column":6},"end":{"line":113,"column":9}},"25":{"start":{"line":117,"column":29},"end":{"line":120,"column":5}},"26":{"start":{"line":122,"column":4},"end":{"line":127,"column":5}},"27":{"start":{"line":123,"column":6},"end":{"line":126,"column":9}},"28":{"start":{"line":130,"column":22},"end":{"line":132,"column":5}},"29":{"start":{"line":133,"column":21},"end":{"line":133,"column":52}},"30":{"start":{"line":135,"column":19},"end":{"line":139,"column":44}},"31":{"start":{"line":141,"column":24},"end":{"line":141,"column":38}},"32":{"start":{"line":143,"column":4},"end":{"line":157,"column":7}},"33":{"start":{"line":159,"column":4},"end":{"line":159,"column":51}},"34":{"start":{"line":160,"column":4},"end":{"line":164,"column":7}},"35":{"start":{"line":169,"column":23},"end":{"line":267,"column":1}},"36":{"start":{"line":170,"column":2},"end":{"line":266,"column":3}},"37":{"start":{"line":171,"column":19},"end":{"line":171,"column":29}},"38":{"start":{"line":172,"column":38},"end":{"line":172,"column":46}},"39":{"start":{"line":175,"column":24},"end":{"line":175,"column":83}},"40":{"start":{"line":176,"column":4},"end":{"line":181,"column":5}},"41":{"start":{"line":177,"column":6},"end":{"line":180,"column":9}},"42":{"start":{"line":184,"column":4},"end":{"line":189,"column":5}},"43":{"start":{"line":185,"column":6},"end":{"line":188,"column":9}},"44":{"start":{"line":192,"column":4},"end":{"line":204,"column":5}},"45":{"start":{"line":193,"column":31},"end":{"line":196,"column":7}},"46":{"start":{"line":198,"column":6},"end":{"line":203,"column":7}},"47":{"start":{"line":199,"column":8},"end":{"line":202,"column":11}},"48":{"start":{"line":207,"column":20},"end":{"line":207,"column":22}},"49":{"start":{"line":208,"column":19},"end":{"line":208,"column":21}},"50":{"start":{"line":209,"column":21},"end":{"line":209,"column":22}},"51":{"start":{"line":211,"column":4},"end":{"line":215,"column":5}},"52":{"start":{"line":212,"column":6},"end":{"line":212,"column":44}},"53":{"start":{"line":213,"column":6},"end":{"line":213,"column":24}},"54":{"start":{"line":214,"column":6},"end":{"line":214,"column":19}},"55":{"start":{"line":216,"column":4},"end":{"line":220,"column":5}},"56":{"start":{"line":217,"column":6},"end":{"line":217,"column":45}},"57":{"start":{"line":218,"column":6},"end":{"line":218,"column":25}},"58":{"start":{"line":219,"column":6},"end":{"line":219,"column":19}},"59":{"start":{"line":221,"column":4},"end":{"line":225,"column":5}},"60":{"start":{"line":222,"column":6},"end":{"line":222,"column":48}},"61":{"start":{"line":223,"column":6},"end":{"line":223,"column":28}},"62":{"start":{"line":224,"column":6},"end":{"line":224,"column":19}},"63":{"start":{"line":227,"column":4},"end":{"line":232,"column":5}},"64":{"start":{"line":228,"column":6},"end":{"line":231,"column":9}},"65":{"start":{"line":234,"column":4},"end":{"line":234,"column":20}},"66":{"start":{"line":235,"column":19},"end":{"line":240,"column":14}},"67":{"start":{"line":242,"column":28},"end":{"line":242,"column":42}},"68":{"start":{"line":244,"column":4},"end":{"line":258,"column":7}},"69":{"start":{"line":260,"column":4},"end":{"line":260,"column":51}},"70":{"start":{"line":261,"column":4},"end":{"line":265,"column":7}},"71":{"start":{"line":270,"column":23},"end":{"line":322,"column":1}},"72":{"start":{"line":271,"column":2},"end":{"line":321,"column":3}},"73":{"start":{"line":272,"column":19},"end":{"line":272,"column":29}},"74":{"start":{"line":275,"column":24},"end":{"line":275,"column":83}},"75":{"start":{"line":276,"column":4},"end":{"line":281,"column":5}},"76":{"start":{"line":277,"column":6},"end":{"line":280,"column":9}},"77":{"start":{"line":283,"column":21},"end":{"line":283,"column":40}},"78":{"start":{"line":286,"column":24},"end":{"line":289,"column":5}},"79":{"start":{"line":291,"column":22},"end":{"line":291,"column":57}},"80":{"start":{"line":293,"column":4},"end":{"line":298,"column":5}},"81":{"start":{"line":294,"column":6},"end":{"line":297,"column":9}},"82":{"start":{"line":301,"column":4},"end":{"line":301,"column":62}},"83":{"start":{"line":304,"column":4},"end":{"line":308,"column":28}},"84":{"start":{"line":310,"column":4},"end":{"line":313,"column":7}},"85":{"start":{"line":315,"column":4},"end":{"line":315,"column":51}},"86":{"start":{"line":316,"column":4},"end":{"line":320,"column":7}},"87":{"start":{"line":324,"column":0},"end":{"line":330,"column":2}}},"fnMap":{"0":{"name":"(anonymous_0)","decl":{"start":{"line":7,"column":25},"end":{"line":7,"column":26}},"loc":{"start":{"line":7,"column":45},"end":{"line":45,"column":1}},"line":7},"1":{"name":"(anonymous_1)","decl":{"start":{"line":24,"column":36},"end":{"line":24,"column":37}},"loc":{"start":{"line":24,"column":44},"end":{"line":34,"column":9}},"line":24},"2":{"name":"(anonymous_2)","decl":{"start":{"line":48,"column":24},"end":{"line":48,"column":25}},"loc":{"start":{"line":48,"column":44},"end":{"line":93,"column":1}},"line":48},"3":{"name":"(anonymous_3)","decl":{"start":{"line":96,"column":23},"end":{"line":96,"column":24}},"loc":{"start":{"line":96,"column":43},"end":{"line":166,"column":1}},"line":96},"4":{"name":"(anonymous_4)","decl":{"start":{"line":169,"column":23},"end":{"line":169,"column":24}},"loc":{"start":{"line":169,"column":43},"end":{"line":267,"column":1}},"line":169},"5":{"name":"(anonymous_5)","decl":{"start":{"line":270,"column":23},"end":{"line":270,"column":24}},"loc":{"start":{"line":270,"column":43},"end":{"line":322,"column":1}},"line":270}},"branchMap":{"0":{"loc":{"start":{"line":61,"column":4},"end":{"line":66,"column":5}},"type":"if","locations":[{"start":{"line":61,"column":4},"end":{"line":66,"column":5}},{"start":{},"end":{}}],"line":61},"1":{"loc":{"start":{"line":98,"column":18},"end":{"line":98,"column":35}},"type":"default-arg","locations":[{"start":{"line":98,"column":26},"end":{"line":98,"column":35}}],"line":98},"2":{"loc":{"start":{"line":101,"column":4},"end":{"line":106,"column":5}},"type":"if","locations":[{"start":{"line":101,"column":4},"end":{"line":106,"column":5}},{"start":{},"end":{}}],"line":101},"3":{"loc":{"start":{"line":109,"column":4},"end":{"line":114,"column":5}},"type":"if","locations":[{"start":{"line":109,"column":4},"end":{"line":114,"column":5}},{"start":{},"end":{}}],"line":109},"4":{"loc":{"start":{"line":109,"column":8},"end":{"line":109,"column":47}},"type":"binary-expr","locations":[{"start":{"line":109,"column":8},"end":{"line":109,"column":13}},{"start":{"line":109,"column":17},"end":{"line":109,"column":47}}],"line":109},"5":{"loc":{"start":{"line":122,"column":4},"end":{"line":127,"column":5}},"type":"if","locations":[{"start":{"line":122,"column":4},"end":{"line":127,"column":5}},{"start":{},"end":{}}],"line":122},"6":{"loc":{"start":{"line":176,"column":4},"end":{"line":181,"column":5}},"type":"if","locations":[{"start":{"line":176,"column":4},"end":{"line":181,"column":5}},{"start":{},"end":{}}],"line":176},"7":{"loc":{"start":{"line":184,"column":4},"end":{"line":189,"column":5}},"type":"if","locations":[{"start":{"line":184,"column":4},"end":{"line":189,"column":5}},{"start":{},"end":{}}],"line":184},"8":{"loc":{"start":{"line":184,"column":8},"end":{"line":184,"column":47}},"type":"binary-expr","locations":[{"start":{"line":184,"column":8},"end":{"line":184,"column":13}},{"start":{"line":184,"column":17},"end":{"line":184,"column":47}}],"line":184},"9":{"loc":{"start":{"line":192,"column":4},"end":{"line":204,"column":5}},"type":"if","locations":[{"start":{"line":192,"column":4},"end":{"line":204,"column":5}},{"start":{},"end":{}}],"line":192},"10":{"loc":{"start":{"line":198,"column":6},"end":{"line":203,"column":7}},"type":"if","locations":[{"start":{"line":198,"column":6},"end":{"line":203,"column":7}},{"start":{},"end":{}}],"line":198},"11":{"loc":{"start":{"line":211,"column":4},"end":{"line":215,"column":5}},"type":"if","locations":[{"start":{"line":211,"column":4},"end":{"line":215,"column":5}},{"start":{},"end":{}}],"line":211},"12":{"loc":{"start":{"line":216,"column":4},"end":{"line":220,"column":5}},"type":"if","locations":[{"start":{"line":216,"column":4},"end":{"line":220,"column":5}},{"start":{},"end":{}}],"line":216},"13":{"loc":{"start":{"line":221,"column":4},"end":{"line":225,"column":5}},"type":"if","locations":[{"start":{"line":221,"column":4},"end":{"line":225,"column":5}},{"start":{},"end":{}}],"line":221},"14":{"loc":{"start":{"line":227,"column":4},"end":{"line":232,"column":5}},"type":"if","locations":[{"start":{"line":227,"column":4},"end":{"line":232,"column":5}},{"start":{},"end":{}}],"line":227},"15":{"loc":{"start":{"line":276,"column":4},"end":{"line":281,"column":5}},"type":"if","locations":[{"start":{"line":276,"column":4},"end":{"line":281,"column":5}},{"start":{},"end":{}}],"line":276},"16":{"loc":{"start":{"line":293,"column":4},"end":{"line":298,"column":5}},"type":"if","locations":[{"start":{"line":293,"column":4},"end":{"line":298,"column":5}},{"start":{},"end":{}}],"line":293}},"s":{"0":1,"1":1,"2":3,"3":3,"4":2,"5":2,"6":1,"7":1,"8":1,"9":2,"10":2,"11":2,"12":2,"13":1,"14":1,"15":1,"16":0,"17":0,"18":1,"19":7,"20":7,"21":7,"22":1,"23":6,"24":2,"25":4,"26":4,"27":1,"28":3,"29":3,"30":3,"31":3,"32":3,"33":0,"34":0,"35":1,"36":7,"37":7,"38":7,"39":7,"40":7,"41":1,"42":6,"43":1,"44":5,"45":2,"46":2,"47":1,"48":4,"49":4,"50":4,"51":4,"52":1,"53":1,"54":1,"55":4,"56":1,"57":1,"58":1,"59":4,"60":1,"61":1,"62":1,"63":4,"64":1,"65":3,"66":3,"67":3,"68":3,"69":0,"70":0,"71":1,"72":3,"73":3,"74":3,"75":3,"76":1,"77":2,"78":2,"79":2,"80":2,"81":1,"82":1,"83":1,"84":1,"85":0,"86":0,"87":1},"f":{"0":3,"1":2,"2":2,"3":7,"4":7,"5":3},"b":{"0":[1,1],"1":[4],"2":[1,6],"3":[2,4],"4":[6,6],"5":[1,3],"6":[1,6],"7":[1,5],"8":[6,2],"9":[2,3],"10":[1,1],"11":[1,3],"12":[1,3],"13":[1,3],"14":[1,3],"15":[1,2],"16":[1,1]},"_coverageSchema":"1a1c01bbd47fc00a2c39e90264f33305004495a9","hash":"51815f5a572af8a05cc9b5716af2cee9d8e94225"}
,"/Users/jonasbarysas/Desktop/WEBDEVPROJECTS/ARENATOOL/arena-pm-tool/server/controllers/commentController.js": {"path":"/Users/jonasbarysas/Desktop/WEBDEVPROJECTS/ARENATOOL/arena-pm-tool/server/controllers/commentController.js","statementMap":{"0":{"start":{"line":4,"column":18},"end":{"line":4,"column":47}},"1":{"start":{"line":7,"column":28},"end":{"line":46,"column":1}},"2":{"start":{"line":8,"column":2},"end":{"line":45,"column":3}},"3":{"start":{"line":9,"column":23},"end":{"line":9,"column":33}},"4":{"start":{"line":11,"column":19},"end":{"line":20,"column":16}},"5":{"start":{"line":22,"column":4},"end":{"line":37,"column":7}},"6":{"start":{"line":25,"column":46},"end":{"line":34,"column":9}},"7":{"start":{"line":39,"column":4},"end":{"line":39,"column":48}},"8":{"start":{"line":40,"column":4},"end":{"line":44,"column":7}},"9":{"start":{"line":49,"column":22},"end":{"line":118,"column":1}},"10":{"start":{"line":50,"column":2},"end":{"line":117,"column":3}},"11":{"start":{"line":51,"column":23},"end":{"line":51,"column":33}},"12":{"start":{"line":52,"column":24},"end":{"line":52,"column":32}},"13":{"start":{"line":53,"column":21},"end":{"line":53,"column":32}},"14":{"start":{"line":56,"column":4},"end":{"line":61,"column":5}},"15":{"start":{"line":57,"column":6},"end":{"line":60,"column":9}},"16":{"start":{"line":64,"column":22},"end":{"line":64,"column":81}},"17":{"start":{"line":65,"column":4},"end":{"line":70,"column":5}},"18":{"start":{"line":66,"column":6},"end":{"line":69,"column":9}},"19":{"start":{"line":73,"column":19},"end":{"line":77,"column":42}},"20":{"start":{"line":79,"column":23},"end":{"line":79,"column":37}},"21":{"start":{"line":82,"column":23},"end":{"line":90,"column":23}},"22":{"start":{"line":92,"column":24},"end":{"line":92,"column":42}},"23":{"start":{"line":94,"column":4},"end":{"line":109,"column":7}},"24":{"start":{"line":111,"column":4},"end":{"line":111,"column":50}},"25":{"start":{"line":112,"column":4},"end":{"line":116,"column":7}},"26":{"start":{"line":121,"column":22},"end":{"line":196,"column":1}},"27":{"start":{"line":122,"column":2},"end":{"line":195,"column":3}},"28":{"start":{"line":123,"column":19},"end":{"line":123,"column":29}},"29":{"start":{"line":124,"column":24},"end":{"line":124,"column":32}},"30":{"start":{"line":125,"column":19},"end":{"line":125,"column":30}},"31":{"start":{"line":128,"column":4},"end":{"line":133,"column":5}},"32":{"start":{"line":129,"column":6},"end":{"line":132,"column":9}},"33":{"start":{"line":136,"column":24},"end":{"line":136,"column":81}},"34":{"start":{"line":137,"column":4},"end":{"line":142,"column":5}},"35":{"start":{"line":138,"column":6},"end":{"line":141,"column":9}},"36":{"start":{"line":144,"column":20},"end":{"line":144,"column":39}},"37":{"start":{"line":145,"column":4},"end":{"line":150,"column":5}},"38":{"start":{"line":146,"column":6},"end":{"line":149,"column":9}},"39":{"start":{"line":153,"column":4},"end":{"line":157,"column":29}},"40":{"start":{"line":160,"column":23},"end":{"line":168,"column":12}},"41":{"start":{"line":170,"column":27},"end":{"line":170,"column":45}},"42":{"start":{"line":172,"column":4},"end":{"line":187,"column":7}},"43":{"start":{"line":189,"column":4},"end":{"line":189,"column":50}},"44":{"start":{"line":190,"column":4},"end":{"line":194,"column":7}},"45":{"start":{"line":199,"column":22},"end":{"line":236,"column":1}},"46":{"start":{"line":200,"column":2},"end":{"line":235,"column":3}},"47":{"start":{"line":201,"column":19},"end":{"line":201,"column":29}},"48":{"start":{"line":202,"column":19},"end":{"line":202,"column":30}},"49":{"start":{"line":205,"column":24},"end":{"line":205,"column":81}},"50":{"start":{"line":206,"column":4},"end":{"line":211,"column":5}},"51":{"start":{"line":207,"column":6},"end":{"line":210,"column":9}},"52":{"start":{"line":213,"column":20},"end":{"line":213,"column":39}},"53":{"start":{"line":214,"column":4},"end":{"line":219,"column":5}},"54":{"start":{"line":215,"column":6},"end":{"line":218,"column":9}},"55":{"start":{"line":222,"column":4},"end":{"line":222,"column":60}},"56":{"start":{"line":224,"column":4},"end":{"line":227,"column":7}},"57":{"start":{"line":229,"column":4},"end":{"line":229,"column":50}},"58":{"start":{"line":230,"column":4},"end":{"line":234,"column":7}},"59":{"start":{"line":238,"column":0},"end":{"line":243,"column":2}}},"fnMap":{"0":{"name":"(anonymous_0)","decl":{"start":{"line":7,"column":28},"end":{"line":7,"column":29}},"loc":{"start":{"line":7,"column":48},"end":{"line":46,"column":1}},"line":7},"1":{"name":"(anonymous_1)","decl":{"start":{"line":25,"column":34},"end":{"line":25,"column":35}},"loc":{"start":{"line":25,"column":46},"end":{"line":34,"column":9}},"line":25},"2":{"name":"(anonymous_2)","decl":{"start":{"line":49,"column":22},"end":{"line":49,"column":23}},"loc":{"start":{"line":49,"column":42},"end":{"line":118,"column":1}},"line":49},"3":{"name":"(anonymous_3)","decl":{"start":{"line":121,"column":22},"end":{"line":121,"column":23}},"loc":{"start":{"line":121,"column":42},"end":{"line":196,"column":1}},"line":121},"4":{"name":"(anonymous_4)","decl":{"start":{"line":199,"column":22},"end":{"line":199,"column":23}},"loc":{"start":{"line":199,"column":42},"end":{"line":236,"column":1}},"line":199}},"branchMap":{"0":{"loc":{"start":{"line":56,"column":4},"end":{"line":61,"column":5}},"type":"if","locations":[{"start":{"line":56,"column":4},"end":{"line":61,"column":5}},{"start":{},"end":{}}],"line":56},"1":{"loc":{"start":{"line":56,"column":8},"end":{"line":56,"column":35}},"type":"binary-expr","locations":[{"start":{"line":56,"column":8},"end":{"line":56,"column":16}},{"start":{"line":56,"column":20},"end":{"line":56,"column":35}}],"line":56},"2":{"loc":{"start":{"line":65,"column":4},"end":{"line":70,"column":5}},"type":"if","locations":[{"start":{"line":65,"column":4},"end":{"line":70,"column":5}},{"start":{},"end":{}}],"line":65},"3":{"loc":{"start":{"line":128,"column":4},"end":{"line":133,"column":5}},"type":"if","locations":[{"start":{"line":128,"column":4},"end":{"line":133,"column":5}},{"start":{},"end":{}}],"line":128},"4":{"loc":{"start":{"line":128,"column":8},"end":{"line":128,"column":35}},"type":"binary-expr","locations":[{"start":{"line":128,"column":8},"end":{"line":128,"column":16}},{"start":{"line":128,"column":20},"end":{"line":128,"column":35}}],"line":128},"5":{"loc":{"start":{"line":137,"column":4},"end":{"line":142,"column":5}},"type":"if","locations":[{"start":{"line":137,"column":4},"end":{"line":142,"column":5}},{"start":{},"end":{}}],"line":137},"6":{"loc":{"start":{"line":145,"column":4},"end":{"line":150,"column":5}},"type":"if","locations":[{"start":{"line":145,"column":4},"end":{"line":150,"column":5}},{"start":{},"end":{}}],"line":145},"7":{"loc":{"start":{"line":206,"column":4},"end":{"line":211,"column":5}},"type":"if","locations":[{"start":{"line":206,"column":4},"end":{"line":211,"column":5}},{"start":{},"end":{}}],"line":206},"8":{"loc":{"start":{"line":214,"column":4},"end":{"line":219,"column":5}},"type":"if","locations":[{"start":{"line":214,"column":4},"end":{"line":219,"column":5}},{"start":{},"end":{}}],"line":214}},"s":{"0":1,"1":1,"2":3,"3":3,"4":3,"5":2,"6":2,"7":1,"8":1,"9":1,"10":5,"11":5,"12":5,"13":5,"14":5,"15":2,"16":3,"17":3,"18":1,"19":2,"20":2,"21":2,"22":2,"23":2,"24":0,"25":0,"26":1,"27":4,"28":4,"29":4,"30":4,"31":4,"32":1,"33":3,"34":3,"35":1,"36":2,"37":2,"38":1,"39":1,"40":1,"41":1,"42":1,"43":0,"44":0,"45":1,"46":3,"47":3,"48":3,"49":3,"50":3,"51":1,"52":2,"53":2,"54":1,"55":1,"56":1,"57":0,"58":0,"59":1},"f":{"0":3,"1":2,"2":5,"3":4,"4":3},"b":{"0":[2,3],"1":[5,4],"2":[1,2],"3":[1,3],"4":[4,3],"5":[1,2],"6":[1,1],"7":[1,2],"8":[1,1]},"_coverageSchema":"1a1c01bbd47fc00a2c39e90264f33305004495a9","hash":"acbcab7b28363c382c3da85de3d45b46f0ef6901"}
,"/Users/jonasbarysas/Desktop/WEBDEVPROJECTS/ARENATOOL/arena-pm-tool/server/controllers/holidayController.js": {"path":"/Users/jonasbarysas/Desktop/WEBDEVPROJECTS/ARENATOOL/arena-pm-tool/server/controllers/holidayController.js","statementMap":{"0":{"start":{"line":4,"column":25},"end":{"line":4,"column":59}},"1":{"start":{"line":5,"column":25},"end":{"line":5,"column":63}},"2":{"start":{"line":6,"column":21},"end":{"line":6,"column":25}},"3":{"start":{"line":9,"column":21},"end":{"line":9,"column":30}},"4":{"start":{"line":10,"column":26},"end":{"line":10,"column":45}},"5":{"start":{"line":15,"column":22},"end":{"line":20,"column":1}},"6":{"start":{"line":16,"column":15},"end":{"line":16,"column":32}},"7":{"start":{"line":17,"column":16},"end":{"line":17,"column":59}},"8":{"start":{"line":18,"column":14},"end":{"line":18,"column":55}},"9":{"start":{"line":19,"column":2},"end":{"line":19,"column":35}},"10":{"start":{"line":26,"column":20},"end":{"line":87,"column":1}},"11":{"start":{"line":27,"column":2},"end":{"line":86,"column":3}},"12":{"start":{"line":28,"column":21},"end":{"line":28,"column":30}},"13":{"start":{"line":31,"column":4},"end":{"line":36,"column":5}},"14":{"start":{"line":32,"column":6},"end":{"line":35,"column":9}},"15":{"start":{"line":38,"column":20},"end":{"line":38,"column":34}},"16":{"start":{"line":41,"column":19},"end":{"line":41,"column":44}},"17":{"start":{"line":42,"column":4},"end":{"line":47,"column":5}},"18":{"start":{"line":43,"column":6},"end":{"line":46,"column":9}},"19":{"start":{"line":50,"column":16},"end":{"line":50,"column":105}},"20":{"start":{"line":51,"column":21},"end":{"line":51,"column":37}},"21":{"start":{"line":53,"column":4},"end":{"line":55,"column":5}},"22":{"start":{"line":54,"column":6},"end":{"line":54,"column":64}},"23":{"start":{"line":57,"column":21},"end":{"line":57,"column":42}},"24":{"start":{"line":60,"column":31},"end":{"line":66,"column":7}},"25":{"start":{"line":60,"column":50},"end":{"line":66,"column":5}},"26":{"start":{"line":69,"column":4},"end":{"line":72,"column":7}},"27":{"start":{"line":74,"column":4},"end":{"line":77,"column":7}},"28":{"start":{"line":80,"column":4},"end":{"line":80,"column":48}},"29":{"start":{"line":81,"column":4},"end":{"line":85,"column":7}},"30":{"start":{"line":89,"column":0},"end":{"line":89,"column":33}}},"fnMap":{"0":{"name":"(anonymous_0)","decl":{"start":{"line":15,"column":22},"end":{"line":15,"column":23}},"loc":{"start":{"line":15,"column":35},"end":{"line":20,"column":1}},"line":15},"1":{"name":"(anonymous_1)","decl":{"start":{"line":26,"column":20},"end":{"line":26,"column":21}},"loc":{"start":{"line":26,"column":40},"end":{"line":87,"column":1}},"line":26},"2":{"name":"(anonymous_2)","decl":{"start":{"line":60,"column":44},"end":{"line":60,"column":45}},"loc":{"start":{"line":60,"column":50},"end":{"line":66,"column":5}},"line":60}},"branchMap":{"0":{"loc":{"start":{"line":31,"column":4},"end":{"line":36,"column":5}},"type":"if","locations":[{"start":{"line":31,"column":4},"end":{"line":36,"column":5}},{"start":{},"end":{}}],"line":31},"1":{"loc":{"start":{"line":31,"column":8},"end":{"line":31,"column":38}},"type":"binary-expr","locations":[{"start":{"line":31,"column":8},"end":{"line":31,"column":13}},{"start":{"line":31,"column":17},"end":{"line":31,"column":38}}],"line":31},"2":{"loc":{"start":{"line":42,"column":4},"end":{"line":47,"column":5}},"type":"if","locations":[{"start":{"line":42,"column":4},"end":{"line":47,"column":5}},{"start":{},"end":{}}],"line":42},"3":{"loc":{"start":{"line":42,"column":8},"end":{"line":42,"column":67}},"type":"binary-expr","locations":[{"start":{"line":42,"column":8},"end":{"line":42,"column":14}},{"start":{"line":42,"column":18},"end":{"line":42,"column":67}}],"line":42},"4":{"loc":{"start":{"line":53,"column":4},"end":{"line":55,"column":5}},"type":"if","locations":[{"start":{"line":53,"column":4},"end":{"line":55,"column":5}},{"start":{},"end":{}}],"line":53},"5":{"loc":{"start":{"line":62,"column":17},"end":{"line":62,"column":39}},"type":"binary-expr","locations":[{"start":{"line":62,"column":17},"end":{"line":62,"column":29}},{"start":{"line":62,"column":33},"end":{"line":62,"column":39}}],"line":62}},"s":{"0":0,"1":0,"2":0,"3":0,"4":0,"5":0,"6":0,"7":0,"8":0,"9":0,"10":0,"11":0,"12":0,"13":0,"14":0,"15":0,"16":0,"17":0,"18":0,"19":0,"20":0,"21":0,"22":0,"23":0,"24":0,"25":0,"26":0,"27":0,"28":0,"29":0,"30":0},"f":{"0":0,"1":0,"2":0},"b":{"0":[0,0],"1":[0,0],"2":[0,0],"3":[0,0],"4":[0,0],"5":[0,0]}}
,"/Users/jonasbarysas/Desktop/WEBDEVPROJECTS/ARENATOOL/arena-pm-tool/server/controllers/meController.js": {"path":"/Users/jonasbarysas/Desktop/WEBDEVPROJECTS/ARENATOOL/arena-pm-tool/server/controllers/meController.js","statementMap":{"0":{"start":{"line":4,"column":18},"end":{"line":4,"column":47}},"1":{"start":{"line":5,"column":13},"end":{"line":5,"column":28}},"2":{"start":{"line":6,"column":11},"end":{"line":6,"column":24}},"3":{"start":{"line":9,"column":24},"end":{"line":9,"column":60}},"4":{"start":{"line":10,"column":27},"end":{"line":10,"column":56}},"5":{"start":{"line":13,"column":19},"end":{"line":60,"column":1}},"6":{"start":{"line":14,"column":2},"end":{"line":59,"column":3}},"7":{"start":{"line":15,"column":19},"end":{"line":21,"column":5}},"8":{"start":{"line":23,"column":4},"end":{"line":28,"column":5}},"9":{"start":{"line":24,"column":6},"end":{"line":27,"column":9}},"10":{"start":{"line":30,"column":17},"end":{"line":30,"column":31}},"11":{"start":{"line":32,"column":4},"end":{"line":51,"column":7}},"12":{"start":{"line":53,"column":4},"end":{"line":53,"column":47}},"13":{"start":{"line":54,"column":4},"end":{"line":58,"column":7}},"14":{"start":{"line":63,"column":22},"end":{"line":138,"column":1}},"15":{"start":{"line":64,"column":2},"end":{"line":137,"column":3}},"16":{"start":{"line":65,"column":34},"end":{"line":65,"column":42}},"17":{"start":{"line":68,"column":4},"end":{"line":68,"column":34}},"18":{"start":{"line":69,"column":4},"end":{"line":69,"column":32}},"19":{"start":{"line":72,"column":4},"end":{"line":77,"column":5}},"20":{"start":{"line":73,"column":6},"end":{"line":76,"column":9}},"21":{"start":{"line":80,"column":4},"end":{"line":85,"column":5}},"22":{"start":{"line":81,"column":6},"end":{"line":84,"column":9}},"23":{"start":{"line":88,"column":21},"end":{"line":88,"column":47}},"24":{"start":{"line":90,"column":19},"end":{"line":98,"column":5}},"25":{"start":{"line":100,"column":4},"end":{"line":105,"column":5}},"26":{"start":{"line":101,"column":6},"end":{"line":104,"column":9}},"27":{"start":{"line":107,"column":17},"end":{"line":107,"column":31}},"28":{"start":{"line":109,"column":4},"end":{"line":129,"column":7}},"29":{"start":{"line":131,"column":4},"end":{"line":131,"column":50}},"30":{"start":{"line":132,"column":4},"end":{"line":136,"column":7}},"31":{"start":{"line":141,"column":26},"end":{"line":216,"column":1}},"32":{"start":{"line":142,"column":2},"end":{"line":215,"column":3}},"33":{"start":{"line":143,"column":35},"end":{"line":143,"column":43}},"34":{"start":{"line":146,"column":4},"end":{"line":151,"column":5}},"35":{"start":{"line":147,"column":6},"end":{"line":150,"column":9}},"36":{"start":{"line":154,"column":4},"end":{"line":159,"column":5}},"37":{"start":{"line":155,"column":6},"end":{"line":158,"column":9}},"38":{"start":{"line":162,"column":20},"end":{"line":162,"column":22}},"39":{"start":{"line":163,"column":19},"end":{"line":163,"column":21}},"40":{"start":{"line":164,"column":21},"end":{"line":164,"column":22}},"41":{"start":{"line":166,"column":4},"end":{"line":169,"column":5}},"42":{"start":{"line":167,"column":6},"end":{"line":167,"column":50}},"43":{"start":{"line":168,"column":6},"end":{"line":168,"column":28}},"44":{"start":{"line":171,"column":4},"end":{"line":174,"column":5}},"45":{"start":{"line":172,"column":6},"end":{"line":172,"column":50}},"46":{"start":{"line":173,"column":6},"end":{"line":173,"column":28}},"47":{"start":{"line":176,"column":4},"end":{"line":181,"column":5}},"48":{"start":{"line":177,"column":6},"end":{"line":180,"column":9}},"49":{"start":{"line":183,"column":4},"end":{"line":183,"column":29}},"50":{"start":{"line":185,"column":19},"end":{"line":189,"column":5}},"51":{"start":{"line":191,"column":4},"end":{"line":196,"column":5}},"52":{"start":{"line":192,"column":6},"end":{"line":195,"column":9}},"53":{"start":{"line":198,"column":4},"end":{"line":207,"column":7}},"54":{"start":{"line":209,"column":4},"end":{"line":209,"column":54}},"55":{"start":{"line":210,"column":4},"end":{"line":214,"column":7}},"56":{"start":{"line":219,"column":28},"end":{"line":294,"column":1}},"57":{"start":{"line":220,"column":2},"end":{"line":293,"column":3}},"58":{"start":{"line":221,"column":59},"end":{"line":221,"column":67}},"59":{"start":{"line":224,"column":4},"end":{"line":229,"column":5}},"60":{"start":{"line":225,"column":6},"end":{"line":228,"column":9}},"61":{"start":{"line":232,"column":4},"end":{"line":237,"column":5}},"62":{"start":{"line":233,"column":6},"end":{"line":236,"column":9}},"63":{"start":{"line":240,"column":20},"end":{"line":240,"column":22}},"64":{"start":{"line":241,"column":19},"end":{"line":241,"column":21}},"65":{"start":{"line":242,"column":21},"end":{"line":242,"column":22}},"66":{"start":{"line":244,"column":4},"end":{"line":247,"column":5}},"67":{"start":{"line":245,"column":6},"end":{"line":245,"column":69}},"68":{"start":{"line":246,"column":6},"end":{"line":246,"column":45}},"69":{"start":{"line":249,"column":4},"end":{"line":252,"column":5}},"70":{"start":{"line":250,"column":6},"end":{"line":250,"column":59}},"71":{"start":{"line":251,"column":6},"end":{"line":251,"column":35}},"72":{"start":{"line":254,"column":4},"end":{"line":259,"column":5}},"73":{"start":{"line":255,"column":6},"end":{"line":258,"column":9}},"74":{"start":{"line":261,"column":4},"end":{"line":261,"column":29}},"75":{"start":{"line":263,"column":19},"end":{"line":267,"column":5}},"76":{"start":{"line":269,"column":4},"end":{"line":274,"column":5}},"77":{"start":{"line":270,"column":6},"end":{"line":273,"column":9}},"78":{"start":{"line":276,"column":4},"end":{"line":285,"column":7}},"79":{"start":{"line":287,"column":4},"end":{"line":287,"column":56}},"80":{"start":{"line":288,"column":4},"end":{"line":292,"column":7}},"81":{"start":{"line":297,"column":21},"end":{"line":343,"column":1}},"82":{"start":{"line":298,"column":2},"end":{"line":342,"column":3}},"83":{"start":{"line":299,"column":4},"end":{"line":304,"column":5}},"84":{"start":{"line":300,"column":6},"end":{"line":303,"column":9}},"85":{"start":{"line":307,"column":24},"end":{"line":310,"column":5}},"86":{"start":{"line":312,"column":4},"end":{"line":318,"column":5}},"87":{"start":{"line":314,"column":22},"end":{"line":314,"column":80}},"88":{"start":{"line":315,"column":6},"end":{"line":317,"column":7}},"89":{"start":{"line":316,"column":8},"end":{"line":316,"column":31}},"90":{"start":{"line":321,"column":22},"end":{"line":321,"column":61}},"91":{"start":{"line":323,"column":19},"end":{"line":326,"column":5}},"92":{"start":{"line":328,"column":4},"end":{"line":334,"column":7}},"93":{"start":{"line":336,"column":4},"end":{"line":336,"column":49}},"94":{"start":{"line":337,"column":4},"end":{"line":341,"column":7}},"95":{"start":{"line":346,"column":21},"end":{"line":383,"column":1}},"96":{"start":{"line":347,"column":2},"end":{"line":382,"column":3}},"97":{"start":{"line":349,"column":24},"end":{"line":352,"column":5}},"98":{"start":{"line":354,"column":4},"end":{"line":360,"column":5}},"99":{"start":{"line":356,"column":25},"end":{"line":356,"column":83}},"100":{"start":{"line":357,"column":6},"end":{"line":359,"column":7}},"101":{"start":{"line":358,"column":8},"end":{"line":358,"column":34}},"102":{"start":{"line":363,"column":4},"end":{"line":366,"column":6}},"103":{"start":{"line":368,"column":4},"end":{"line":374,"column":7}},"104":{"start":{"line":376,"column":4},"end":{"line":376,"column":49}},"105":{"start":{"line":377,"column":4},"end":{"line":381,"column":7}},"106":{"start":{"line":386,"column":19},"end":{"line":464,"column":1}},"107":{"start":{"line":387,"column":2},"end":{"line":463,"column":3}},"108":{"start":{"line":388,"column":57},"end":{"line":388,"column":66}},"109":{"start":{"line":391,"column":20},"end":{"line":408,"column":5}},"110":{"start":{"line":410,"column":19},"end":{"line":410,"column":32}},"111":{"start":{"line":411,"column":21},"end":{"line":411,"column":22}},"112":{"start":{"line":414,"column":4},"end":{"line":420,"column":5}},"113":{"start":{"line":415,"column":6},"end":{"line":419,"column":7}},"114":{"start":{"line":416,"column":8},"end":{"line":416,"column":52}},"115":{"start":{"line":417,"column":13},"end":{"line":419,"column":7}},"116":{"start":{"line":418,"column":8},"end":{"line":418,"column":51}},"117":{"start":{"line":423,"column":28},"end":{"line":423,"column":75}},"118":{"start":{"line":424,"column":22},"end":{"line":424,"column":72}},"119":{"start":{"line":425,"column":22},"end":{"line":425,"column":55}},"120":{"start":{"line":428,"column":4},"end":{"line":432,"column":5}},"121":{"start":{"line":429,"column":6},"end":{"line":429,"column":75}},"122":{"start":{"line":431,"column":6},"end":{"line":431,"column":59}},"123":{"start":{"line":434,"column":19},"end":{"line":434,"column":49}},"124":{"start":{"line":436,"column":4},"end":{"line":455,"column":7}},"125":{"start":{"line":439,"column":40},"end":{"line":452,"column":9}},"126":{"start":{"line":457,"column":4},"end":{"line":457,"column":48}},"127":{"start":{"line":458,"column":4},"end":{"line":462,"column":7}},"128":{"start":{"line":466,"column":0},"end":{"line":474,"column":2}}},"fnMap":{"0":{"name":"(anonymous_0)","decl":{"start":{"line":13,"column":19},"end":{"line":13,"column":20}},"loc":{"start":{"line":13,"column":39},"end":{"line":60,"column":1}},"line":13},"1":{"name":"(anonymous_1)","decl":{"start":{"line":63,"column":22},"end":{"line":63,"column":23}},"loc":{"start":{"line":63,"column":42},"end":{"line":138,"column":1}},"line":63},"2":{"name":"(anonymous_2)","decl":{"start":{"line":141,"column":26},"end":{"line":141,"column":27}},"loc":{"start":{"line":141,"column":46},"end":{"line":216,"column":1}},"line":141},"3":{"name":"(anonymous_3)","decl":{"start":{"line":219,"column":28},"end":{"line":219,"column":29}},"loc":{"start":{"line":219,"column":48},"end":{"line":294,"column":1}},"line":219},"4":{"name":"(anonymous_4)","decl":{"start":{"line":297,"column":21},"end":{"line":297,"column":22}},"loc":{"start":{"line":297,"column":41},"end":{"line":343,"column":1}},"line":297},"5":{"name":"(anonymous_5)","decl":{"start":{"line":346,"column":21},"end":{"line":346,"column":22}},"loc":{"start":{"line":346,"column":41},"end":{"line":383,"column":1}},"line":346},"6":{"name":"(anonymous_6)","decl":{"start":{"line":386,"column":19},"end":{"line":386,"column":20}},"loc":{"start":{"line":386,"column":39},"end":{"line":464,"column":1}},"line":386},"7":{"name":"(anonymous_7)","decl":{"start":{"line":439,"column":31},"end":{"line":439,"column":32}},"loc":{"start":{"line":439,"column":40},"end":{"line":452,"column":9}},"line":439}},"branchMap":{"0":{"loc":{"start":{"line":23,"column":4},"end":{"line":28,"column":5}},"type":"if","locations":[{"start":{"line":23,"column":4},"end":{"line":28,"column":5}},{"start":{},"end":{}}],"line":23},"1":{"loc":{"start":{"line":72,"column":4},"end":{"line":77,"column":5}},"type":"if","locations":[{"start":{"line":72,"column":4},"end":{"line":77,"column":5}},{"start":{},"end":{}}],"line":72},"2":{"loc":{"start":{"line":72,"column":8},"end":{"line":72,"column":67}},"type":"binary-expr","locations":[{"start":{"line":72,"column":8},"end":{"line":72,"column":18}},{"start":{"line":72,"column":22},"end":{"line":72,"column":42}},{"start":{"line":72,"column":46},"end":{"line":72,"column":67}}],"line":72},"3":{"loc":{"start":{"line":80,"column":4},"end":{"line":85,"column":5}},"type":"if","locations":[{"start":{"line":80,"column":4},"end":{"line":85,"column":5}},{"start":{},"end":{}}],"line":80},"4":{"loc":{"start":{"line":80,"column":8},"end":{"line":80,"column":64}},"type":"binary-expr","locations":[{"start":{"line":80,"column":8},"end":{"line":80,"column":17}},{"start":{"line":80,"column":21},"end":{"line":80,"column":40}},{"start":{"line":80,"column":44},"end":{"line":80,"column":64}}],"line":80},"5":{"loc":{"start":{"line":100,"column":4},"end":{"line":105,"column":5}},"type":"if","locations":[{"start":{"line":100,"column":4},"end":{"line":105,"column":5}},{"start":{},"end":{}}],"line":100},"6":{"loc":{"start":{"line":146,"column":4},"end":{"line":151,"column":5}},"type":"if","locations":[{"start":{"line":146,"column":4},"end":{"line":151,"column":5}},{"start":{},"end":{}}],"line":146},"7":{"loc":{"start":{"line":146,"column":8},"end":{"line":146,"column":55}},"type":"binary-expr","locations":[{"start":{"line":146,"column":8},"end":{"line":146,"column":16}},{"start":{"line":146,"column":20},"end":{"line":146,"column":55}}],"line":146},"8":{"loc":{"start":{"line":154,"column":4},"end":{"line":159,"column":5}},"type":"if","locations":[{"start":{"line":154,"column":4},"end":{"line":159,"column":5}},{"start":{},"end":{}}],"line":154},"9":{"loc":{"start":{"line":154,"column":8},"end":{"line":154,"column":65}},"type":"binary-expr","locations":[{"start":{"line":154,"column":8},"end":{"line":154,"column":16}},{"start":{"line":154,"column":21},"end":{"line":154,"column":40}},{"start":{"line":154,"column":44},"end":{"line":154,"column":64}}],"line":154},"10":{"loc":{"start":{"line":166,"column":4},"end":{"line":169,"column":5}},"type":"if","locations":[{"start":{"line":166,"column":4},"end":{"line":169,"column":5}},{"start":{},"end":{}}],"line":166},"11":{"loc":{"start":{"line":171,"column":4},"end":{"line":174,"column":5}},"type":"if","locations":[{"start":{"line":171,"column":4},"end":{"line":174,"column":5}},{"start":{},"end":{}}],"line":171},"12":{"loc":{"start":{"line":176,"column":4},"end":{"line":181,"column":5}},"type":"if","locations":[{"start":{"line":176,"column":4},"end":{"line":181,"column":5}},{"start":{},"end":{}}],"line":176},"13":{"loc":{"start":{"line":191,"column":4},"end":{"line":196,"column":5}},"type":"if","locations":[{"start":{"line":191,"column":4},"end":{"line":196,"column":5}},{"start":{},"end":{}}],"line":191},"14":{"loc":{"start":{"line":224,"column":4},"end":{"line":229,"column":5}},"type":"if","locations":[{"start":{"line":224,"column":4},"end":{"line":229,"column":5}},{"start":{},"end":{}}],"line":224},"15":{"loc":{"start":{"line":224,"column":8},"end":{"line":224,"column":97}},"type":"binary-expr","locations":[{"start":{"line":224,"column":8},"end":{"line":224,"column":47}},{"start":{"line":224,"column":51},"end":{"line":224,"column":97}}],"line":224},"16":{"loc":{"start":{"line":232,"column":4},"end":{"line":237,"column":5}},"type":"if","locations":[{"start":{"line":232,"column":4},"end":{"line":237,"column":5}},{"start":{},"end":{}}],"line":232},"17":{"loc":{"start":{"line":232,"column":8},"end":{"line":232,"column":72}},"type":"binary-expr","locations":[{"start":{"line":232,"column":8},"end":{"line":232,"column":23}},{"start":{"line":232,"column":27},"end":{"line":232,"column":72}}],"line":232},"18":{"loc":{"start":{"line":244,"column":4},"end":{"line":247,"column":5}},"type":"if","locations":[{"start":{"line":244,"column":4},"end":{"line":247,"column":5}},{"start":{},"end":{}}],"line":244},"19":{"loc":{"start":{"line":249,"column":4},"end":{"line":252,"column":5}},"type":"if","locations":[{"start":{"line":249,"column":4},"end":{"line":252,"column":5}},{"start":{},"end":{}}],"line":249},"20":{"loc":{"start":{"line":254,"column":4},"end":{"line":259,"column":5}},"type":"if","locations":[{"start":{"line":254,"column":4},"end":{"line":259,"column":5}},{"start":{},"end":{}}],"line":254},"21":{"loc":{"start":{"line":269,"column":4},"end":{"line":274,"column":5}},"type":"if","locations":[{"start":{"line":269,"column":4},"end":{"line":274,"column":5}},{"start":{},"end":{}}],"line":269},"22":{"loc":{"start":{"line":299,"column":4},"end":{"line":304,"column":5}},"type":"if","locations":[{"start":{"line":299,"column":4},"end":{"line":304,"column":5}},{"start":{},"end":{}}],"line":299},"23":{"loc":{"start":{"line":312,"column":4},"end":{"line":318,"column":5}},"type":"if","locations":[{"start":{"line":312,"column":4},"end":{"line":318,"column":5}},{"start":{},"end":{}}],"line":312},"24":{"loc":{"start":{"line":312,"column":8},"end":{"line":312,"column":69}},"type":"binary-expr","locations":[{"start":{"line":312,"column":8},"end":{"line":312,"column":35}},{"start":{"line":312,"column":39},"end":{"line":312,"column":69}}],"line":312},"25":{"loc":{"start":{"line":315,"column":6},"end":{"line":317,"column":7}},"type":"if","locations":[{"start":{"line":315,"column":6},"end":{"line":317,"column":7}},{"start":{},"end":{}}],"line":315},"26":{"loc":{"start":{"line":354,"column":4},"end":{"line":360,"column":5}},"type":"if","locations":[{"start":{"line":354,"column":4},"end":{"line":360,"column":5}},{"start":{},"end":{}}],"line":354},"27":{"loc":{"start":{"line":354,"column":8},"end":{"line":354,"column":69}},"type":"binary-expr","locations":[{"start":{"line":354,"column":8},"end":{"line":354,"column":35}},{"start":{"line":354,"column":39},"end":{"line":354,"column":69}}],"line":354},"28":{"loc":{"start":{"line":357,"column":6},"end":{"line":359,"column":7}},"type":"if","locations":[{"start":{"line":357,"column":6},"end":{"line":359,"column":7}},{"start":{},"end":{}}],"line":357},"29":{"loc":{"start":{"line":388,"column":20},"end":{"line":388,"column":37}},"type":"default-arg","locations":[{"start":{"line":388,"column":27},"end":{"line":388,"column":37}}],"line":388},"30":{"loc":{"start":{"line":388,"column":39},"end":{"line":388,"column":52}},"type":"default-arg","locations":[{"start":{"line":388,"column":47},"end":{"line":388,"column":52}}],"line":388},"31":{"loc":{"start":{"line":414,"column":4},"end":{"line":420,"column":5}},"type":"if","locations":[{"start":{"line":414,"column":4},"end":{"line":420,"column":5}},{"start":{},"end":{}}],"line":414},"32":{"loc":{"start":{"line":415,"column":6},"end":{"line":419,"column":7}},"type":"if","locations":[{"start":{"line":415,"column":6},"end":{"line":419,"column":7}},{"start":{"line":417,"column":13},"end":{"line":419,"column":7}}],"line":415},"33":{"loc":{"start":{"line":417,"column":13},"end":{"line":419,"column":7}},"type":"if","locations":[{"start":{"line":417,"column":13},"end":{"line":419,"column":7}},{"start":{},"end":{}}],"line":417},"34":{"loc":{"start":{"line":424,"column":22},"end":{"line":424,"column":72}},"type":"cond-expr","locations":[{"start":{"line":424,"column":55},"end":{"line":424,"column":59}},{"start":{"line":424,"column":62},"end":{"line":424,"column":72}}],"line":424},"35":{"loc":{"start":{"line":425,"column":22},"end":{"line":425,"column":55}},"type":"cond-expr","locations":[{"start":{"line":425,"column":41},"end":{"line":425,"column":47}},{"start":{"line":425,"column":50},"end":{"line":425,"column":55}}],"line":425},"36":{"loc":{"start":{"line":428,"column":4},"end":{"line":432,"column":5}},"type":"if","locations":[{"start":{"line":428,"column":4},"end":{"line":432,"column":5}},{"start":{"line":430,"column":11},"end":{"line":432,"column":5}}],"line":428}},"s":{"0":0,"1":0,"2":0,"3":0,"4":0,"5":0,"6":0,"7":0,"8":0,"9":0,"10":0,"11":0,"12":0,"13":0,"14":0,"15":0,"16":0,"17":0,"18":0,"19":0,"20":0,"21":0,"22":0,"23":0,"24":0,"25":0,"26":0,"27":0,"28":0,"29":0,"30":0,"31":0,"32":0,"33":0,"34":0,"35":0,"36":0,"37":0,"38":0,"39":0,"40":0,"41":0,"42":0,"43":0,"44":0,"45":0,"46":0,"47":0,"48":0,"49":0,"50":0,"51":0,"52":0,"53":0,"54":0,"55":0,"56":0,"57":0,"58":0,"59":0,"60":0,"61":0,"62":0,"63":0,"64":0,"65":0,"66":0,"67":0,"68":0,"69":0,"70":0,"71":0,"72":0,"73":0,"74":0,"75":0,"76":0,"77":0,"78":0,"79":0,"80":0,"81":0,"82":0,"83":0,"84":0,"85":0,"86":0,"87":0,"88":0,"89":0,"90":0,"91":0,"92":0,"93":0,"94":0,"95":0,"96":0,"97":0,"98":0,"99":0,"100":0,"101":0,"102":0,"103":0,"104":0,"105":0,"106":0,"107":0,"108":0,"109":0,"110":0,"111":0,"112":0,"113":0,"114":0,"115":0,"116":0,"117":0,"118":0,"119":0,"120":0,"121":0,"122":0,"123":0,"124":0,"125":0,"126":0,"127":0,"128":0},"f":{"0":0,"1":0,"2":0,"3":0,"4":0,"5":0,"6":0,"7":0},"b":{"0":[0,0],"1":[0,0],"2":[0,0,0],"3":[0,0],"4":[0,0,0],"5":[0,0],"6":[0,0],"7":[0,0],"8":[0,0],"9":[0,0,0],"10":[0,0],"11":[0,0],"12":[0,0],"13":[0,0],"14":[0,0],"15":[0,0],"16":[0,0],"17":[0,0],"18":[0,0],"19":[0,0],"20":[0,0],"21":[0,0],"22":[0,0],"23":[0,0],"24":[0,0],"25":[0,0],"26":[0,0],"27":[0,0],"28":[0,0],"29":[0],"30":[0],"31":[0,0],"32":[0,0],"33":[0,0],"34":[0,0],"35":[0,0],"36":[0,0]}}
,"/Users/jonasbarysas/Desktop/WEBDEVPROJECTS/ARENATOOL/arena-pm-tool/server/controllers/taskController.js": {"path":"/Users/jonasbarysas/Desktop/WEBDEVPROJECTS/ARENATOOL/arena-pm-tool/server/controllers/taskController.js","statementMap":{"0":{"start":{"line":4,"column":18},"end":{"line":4,"column":47}},"1":{"start":{"line":7,"column":31},"end":{"line":18,"column":1}},"2":{"start":{"line":8,"column":2},"end":{"line":8,"column":27}},"3":{"start":{"line":8,"column":15},"end":{"line":8,"column":27}},"4":{"start":{"line":10,"column":2},"end":{"line":12,"column":3}},"5":{"start":{"line":11,"column":4},"end":{"line":11,"column":32}},"6":{"start":{"line":13,"column":12},"end":{"line":13,"column":28}},"7":{"start":{"line":14,"column":15},"end":{"line":14,"column":30}},"8":{"start":{"line":15,"column":16},"end":{"line":15,"column":57}},"9":{"start":{"line":16,"column":14},"end":{"line":16,"column":50}},"10":{"start":{"line":17,"column":2},"end":{"line":17,"column":35}},"11":{"start":{"line":21,"column":20},"end":{"line":137,"column":1}},"12":{"start":{"line":22,"column":2},"end":{"line":136,"column":3}},"13":{"start":{"line":29,"column":8},"end":{"line":29,"column":17}},"14":{"start":{"line":32,"column":20},"end":{"line":53,"column":5}},"15":{"start":{"line":55,"column":19},"end":{"line":55,"column":21}},"16":{"start":{"line":56,"column":21},"end":{"line":56,"column":22}},"17":{"start":{"line":59,"column":4},"end":{"line":63,"column":5}},"18":{"start":{"line":60,"column":6},"end":{"line":60,"column":57}},"19":{"start":{"line":61,"column":6},"end":{"line":61,"column":31}},"20":{"start":{"line":62,"column":6},"end":{"line":62,"column":19}},"21":{"start":{"line":66,"column":4},"end":{"line":77,"column":5}},"22":{"start":{"line":67,"column":28},"end":{"line":69,"column":64}},"23":{"start":{"line":68,"column":33},"end":{"line":68,"column":45}},"24":{"start":{"line":69,"column":44},"end":{"line":69,"column":63}},"25":{"start":{"line":71,"column":6},"end":{"line":74,"column":9}},"26":{"start":{"line":75,"column":6},"end":{"line":75,"column":33}},"27":{"start":{"line":76,"column":6},"end":{"line":76,"column":19}},"28":{"start":{"line":79,"column":4},"end":{"line":83,"column":5}},"29":{"start":{"line":80,"column":6},"end":{"line":80,"column":52}},"30":{"start":{"line":81,"column":6},"end":{"line":81,"column":26}},"31":{"start":{"line":82,"column":6},"end":{"line":82,"column":19}},"32":{"start":{"line":85,"column":4},"end":{"line":89,"column":5}},"33":{"start":{"line":86,"column":6},"end":{"line":86,"column":54}},"34":{"start":{"line":87,"column":6},"end":{"line":87,"column":28}},"35":{"start":{"line":88,"column":6},"end":{"line":88,"column":19}},"36":{"start":{"line":91,"column":4},"end":{"line":95,"column":5}},"37":{"start":{"line":92,"column":6},"end":{"line":92,"column":95}},"38":{"start":{"line":93,"column":6},"end":{"line":93,"column":33}},"39":{"start":{"line":94,"column":6},"end":{"line":94,"column":19}},"40":{"start":{"line":98,"column":4},"end":{"line":98,"column":60}},"41":{"start":{"line":100,"column":19},"end":{"line":100,"column":49}},"42":{"start":{"line":102,"column":4},"end":{"line":128,"column":7}},"43":{"start":{"line":105,"column":40},"end":{"line":125,"column":9}},"44":{"start":{"line":130,"column":4},"end":{"line":130,"column":49}},"45":{"start":{"line":131,"column":4},"end":{"line":135,"column":7}},"46":{"start":{"line":140,"column":20},"end":{"line":210,"column":1}},"47":{"start":{"line":141,"column":2},"end":{"line":209,"column":3}},"48":{"start":{"line":142,"column":19},"end":{"line":142,"column":29}},"49":{"start":{"line":144,"column":19},"end":{"line":165,"column":12}},"50":{"start":{"line":167,"column":4},"end":{"line":172,"column":5}},"51":{"start":{"line":168,"column":6},"end":{"line":171,"column":9}},"52":{"start":{"line":174,"column":17},"end":{"line":174,"column":31}},"53":{"start":{"line":176,"column":4},"end":{"line":201,"column":7}},"54":{"start":{"line":203,"column":4},"end":{"line":203,"column":44}},"55":{"start":{"line":204,"column":4},"end":{"line":208,"column":7}},"56":{"start":{"line":213,"column":19},"end":{"line":364,"column":1}},"57":{"start":{"line":214,"column":2},"end":{"line":363,"column":3}},"58":{"start":{"line":224,"column":8},"end":{"line":224,"column":16}},"59":{"start":{"line":227,"column":4},"end":{"line":232,"column":5}},"60":{"start":{"line":228,"column":6},"end":{"line":231,"column":9}},"61":{"start":{"line":235,"column":28},"end":{"line":235,"column":63}},"62":{"start":{"line":236,"column":4},"end":{"line":241,"column":5}},"63":{"start":{"line":237,"column":6},"end":{"line":240,"column":9}},"64":{"start":{"line":244,"column":26},"end":{"line":244,"column":62}},"65":{"start":{"line":245,"column":4},"end":{"line":250,"column":5}},"66":{"start":{"line":246,"column":6},"end":{"line":249,"column":9}},"67":{"start":{"line":253,"column":19},"end":{"line":253,"column":20}},"68":{"start":{"line":254,"column":4},"end":{"line":260,"column":5}},"69":{"start":{"line":255,"column":24},"end":{"line":258,"column":7}},"70":{"start":{"line":259,"column":6},"end":{"line":259,"column":49}},"71":{"start":{"line":263,"column":25},"end":{"line":263,"column":67}},"72":{"start":{"line":266,"column":27},"end":{"line":266,"column":31}},"73":{"start":{"line":267,"column":4},"end":{"line":269,"column":5}},"74":{"start":{"line":268,"column":6},"end":{"line":268,"column":48}},"75":{"start":{"line":271,"column":19},"end":{"line":289,"column":6}},"76":{"start":{"line":291,"column":22},"end":{"line":291,"column":39}},"77":{"start":{"line":294,"column":26},"end":{"line":294,"column":73}},"78":{"start":{"line":295,"column":4},"end":{"line":301,"column":5}},"79":{"start":{"line":296,"column":29},"end":{"line":296,"column":90}},"80":{"start":{"line":296,"column":59},"end":{"line":296,"column":78}},"81":{"start":{"line":297,"column":6},"end":{"line":300,"column":8}},"82":{"start":{"line":304,"column":27},"end":{"line":325,"column":19}},"83":{"start":{"line":327,"column":20},"end":{"line":327,"column":42}},"84":{"start":{"line":329,"column":4},"end":{"line":355,"column":7}},"85":{"start":{"line":357,"column":4},"end":{"line":357,"column":47}},"86":{"start":{"line":358,"column":4},"end":{"line":362,"column":7}},"87":{"start":{"line":367,"column":19},"end":{"line":557,"column":1}},"88":{"start":{"line":368,"column":2},"end":{"line":556,"column":3}},"89":{"start":{"line":369,"column":19},"end":{"line":369,"column":29}},"90":{"start":{"line":378,"column":8},"end":{"line":378,"column":16}},"91":{"start":{"line":381,"column":24},"end":{"line":381,"column":78}},"92":{"start":{"line":382,"column":4},"end":{"line":387,"column":5}},"93":{"start":{"line":383,"column":6},"end":{"line":386,"column":9}},"94":{"start":{"line":389,"column":24},"end":{"line":389,"column":43}},"95":{"start":{"line":392,"column":4},"end":{"line":400,"column":5}},"96":{"start":{"line":393,"column":30},"end":{"line":393,"column":65}},"97":{"start":{"line":394,"column":6},"end":{"line":399,"column":7}},"98":{"start":{"line":395,"column":8},"end":{"line":398,"column":11}},"99":{"start":{"line":403,"column":4},"end":{"line":411,"column":5}},"100":{"start":{"line":404,"column":28},"end":{"line":404,"column":64}},"101":{"start":{"line":405,"column":6},"end":{"line":410,"column":7}},"102":{"start":{"line":406,"column":8},"end":{"line":409,"column":11}},"103":{"start":{"line":414,"column":23},"end":{"line":414,"column":47}},"104":{"start":{"line":415,"column":4},"end":{"line":419,"column":5}},"105":{"start":{"line":416,"column":6},"end":{"line":416,"column":32}},"106":{"start":{"line":417,"column":11},"end":{"line":419,"column":5}},"107":{"start":{"line":418,"column":6},"end":{"line":418,"column":26}},"108":{"start":{"line":422,"column":20},"end":{"line":422,"column":22}},"109":{"start":{"line":423,"column":19},"end":{"line":423,"column":21}},"110":{"start":{"line":424,"column":21},"end":{"line":424,"column":22}},"111":{"start":{"line":426,"column":4},"end":{"line":430,"column":5}},"112":{"start":{"line":427,"column":6},"end":{"line":427,"column":45}},"113":{"start":{"line":428,"column":6},"end":{"line":428,"column":25}},"114":{"start":{"line":429,"column":6},"end":{"line":429,"column":19}},"115":{"start":{"line":431,"column":4},"end":{"line":435,"column":5}},"116":{"start":{"line":432,"column":6},"end":{"line":432,"column":51}},"117":{"start":{"line":433,"column":6},"end":{"line":433,"column":31}},"118":{"start":{"line":434,"column":6},"end":{"line":434,"column":19}},"119":{"start":{"line":436,"column":4},"end":{"line":440,"column":5}},"120":{"start":{"line":437,"column":6},"end":{"line":437,"column":51}},"121":{"start":{"line":438,"column":6},"end":{"line":438,"column":31}},"122":{"start":{"line":439,"column":6},"end":{"line":439,"column":19}},"123":{"start":{"line":441,"column":4},"end":{"line":445,"column":5}},"124":{"start":{"line":442,"column":6},"end":{"line":442,"column":48}},"125":{"start":{"line":443,"column":6},"end":{"line":443,"column":28}},"126":{"start":{"line":444,"column":6},"end":{"line":444,"column":19}},"127":{"start":{"line":446,"column":4},"end":{"line":453,"column":5}},"128":{"start":{"line":447,"column":6},"end":{"line":447,"column":46}},"129":{"start":{"line":448,"column":6},"end":{"line":448,"column":26}},"130":{"start":{"line":449,"column":6},"end":{"line":449,"column":19}},"131":{"start":{"line":450,"column":6},"end":{"line":450,"column":52}},"132":{"start":{"line":451,"column":6},"end":{"line":451,"column":32}},"133":{"start":{"line":452,"column":6},"end":{"line":452,"column":19}},"134":{"start":{"line":454,"column":4},"end":{"line":460,"column":5}},"135":{"start":{"line":456,"column":31},"end":{"line":456,"column":71}},"136":{"start":{"line":457,"column":6},"end":{"line":457,"column":48}},"137":{"start":{"line":458,"column":6},"end":{"line":458,"column":36}},"138":{"start":{"line":459,"column":6},"end":{"line":459,"column":19}},"139":{"start":{"line":463,"column":4},"end":{"line":470,"column":5}},"140":{"start":{"line":464,"column":6},"end":{"line":464,"column":22}},"141":{"start":{"line":465,"column":6},"end":{"line":469,"column":17}},"142":{"start":{"line":473,"column":4},"end":{"line":486,"column":5}},"143":{"start":{"line":475,"column":6},"end":{"line":475,"column":75}},"144":{"start":{"line":478,"column":28},"end":{"line":478,"column":75}},"145":{"start":{"line":479,"column":6},"end":{"line":485,"column":7}},"146":{"start":{"line":480,"column":31},"end":{"line":480,"column":92}},"147":{"start":{"line":480,"column":61},"end":{"line":480,"column":80}},"148":{"start":{"line":481,"column":8},"end":{"line":484,"column":10}},"149":{"start":{"line":489,"column":4},"end":{"line":494,"column":5}},"150":{"start":{"line":490,"column":6},"end":{"line":493,"column":9}},"151":{"start":{"line":497,"column":27},"end":{"line":518,"column":12}},"152":{"start":{"line":520,"column":24},"end":{"line":520,"column":46}},"153":{"start":{"line":522,"column":4},"end":{"line":548,"column":7}},"154":{"start":{"line":550,"column":4},"end":{"line":550,"column":47}},"155":{"start":{"line":551,"column":4},"end":{"line":555,"column":7}},"156":{"start":{"line":560,"column":27},"end":{"line":635,"column":1}},"157":{"start":{"line":561,"column":2},"end":{"line":634,"column":3}},"158":{"start":{"line":562,"column":19},"end":{"line":562,"column":29}},"159":{"start":{"line":563,"column":38},"end":{"line":563,"column":46}},"160":{"start":{"line":565,"column":4},"end":{"line":570,"column":5}},"161":{"start":{"line":566,"column":6},"end":{"line":569,"column":9}},"162":{"start":{"line":573,"column":24},"end":{"line":573,"column":78}},"163":{"start":{"line":574,"column":4},"end":{"line":579,"column":5}},"164":{"start":{"line":575,"column":6},"end":{"line":578,"column":9}},"165":{"start":{"line":581,"column":24},"end":{"line":581,"column":43}},"166":{"start":{"line":582,"column":26},"end":{"line":582,"column":49}},"167":{"start":{"line":583,"column":26},"end":{"line":583,"column":81}},"168":{"start":{"line":586,"column":4},"end":{"line":590,"column":38}},"169":{"start":{"line":593,"column":4},"end":{"line":599,"column":38}},"170":{"start":{"line":602,"column":4},"end":{"line":609,"column":5}},"171":{"start":{"line":603,"column":6},"end":{"line":608,"column":48}},"172":{"start":{"line":612,"column":19},"end":{"line":612,"column":73}},"173":{"start":{"line":613,"column":24},"end":{"line":613,"column":38}},"174":{"start":{"line":615,"column":4},"end":{"line":626,"column":7}},"175":{"start":{"line":628,"column":4},"end":{"line":628,"column":56}},"176":{"start":{"line":629,"column":4},"end":{"line":633,"column":7}},"177":{"start":{"line":638,"column":19},"end":{"line":677,"column":1}},"178":{"start":{"line":639,"column":2},"end":{"line":676,"column":3}},"179":{"start":{"line":640,"column":19},"end":{"line":640,"column":29}},"180":{"start":{"line":643,"column":24},"end":{"line":643,"column":78}},"181":{"start":{"line":644,"column":4},"end":{"line":649,"column":5}},"182":{"start":{"line":645,"column":6},"end":{"line":648,"column":9}},"183":{"start":{"line":651,"column":17},"end":{"line":651,"column":36}},"184":{"start":{"line":654,"column":4},"end":{"line":654,"column":57}},"185":{"start":{"line":657,"column":4},"end":{"line":663,"column":5}},"186":{"start":{"line":658,"column":6},"end":{"line":662,"column":44}},"187":{"start":{"line":665,"column":4},"end":{"line":668,"column":7}},"188":{"start":{"line":670,"column":4},"end":{"line":670,"column":47}},"189":{"start":{"line":671,"column":4},"end":{"line":675,"column":7}},"190":{"start":{"line":680,"column":20},"end":{"line":739,"column":1}},"191":{"start":{"line":681,"column":2},"end":{"line":738,"column":3}},"192":{"start":{"line":682,"column":19},"end":{"line":682,"column":29}},"193":{"start":{"line":684,"column":19},"end":{"line":704,"column":12}},"194":{"start":{"line":706,"column":4},"end":{"line":730,"column":7}},"195":{"start":{"line":709,"column":43},"end":{"line":727,"column":9}},"196":{"start":{"line":732,"column":4},"end":{"line":732,"column":48}},"197":{"start":{"line":733,"column":4},"end":{"line":737,"column":7}},"198":{"start":{"line":741,"column":0},"end":{"line":749,"column":2}}},"fnMap":{"0":{"name":"(anonymous_0)","decl":{"start":{"line":7,"column":31},"end":{"line":7,"column":32}},"loc":{"start":{"line":7,"column":43},"end":{"line":18,"column":1}},"line":7},"1":{"name":"(anonymous_1)","decl":{"start":{"line":21,"column":20},"end":{"line":21,"column":21}},"loc":{"start":{"line":21,"column":40},"end":{"line":137,"column":1}},"line":21},"2":{"name":"(anonymous_2)","decl":{"start":{"line":68,"column":27},"end":{"line":68,"column":28}},"loc":{"start":{"line":68,"column":33},"end":{"line":68,"column":45}},"line":68},"3":{"name":"(anonymous_3)","decl":{"start":{"line":69,"column":38},"end":{"line":69,"column":39}},"loc":{"start":{"line":69,"column":44},"end":{"line":69,"column":63}},"line":69},"4":{"name":"(anonymous_4)","decl":{"start":{"line":105,"column":31},"end":{"line":105,"column":32}},"loc":{"start":{"line":105,"column":40},"end":{"line":125,"column":9}},"line":105},"5":{"name":"(anonymous_5)","decl":{"start":{"line":140,"column":20},"end":{"line":140,"column":21}},"loc":{"start":{"line":140,"column":40},"end":{"line":210,"column":1}},"line":140},"6":{"name":"(anonymous_6)","decl":{"start":{"line":213,"column":19},"end":{"line":213,"column":20}},"loc":{"start":{"line":213,"column":39},"end":{"line":364,"column":1}},"line":213},"7":{"name":"(anonymous_7)","decl":{"start":{"line":296,"column":47},"end":{"line":296,"column":48}},"loc":{"start":{"line":296,"column":59},"end":{"line":296,"column":78}},"line":296},"8":{"name":"(anonymous_8)","decl":{"start":{"line":367,"column":19},"end":{"line":367,"column":20}},"loc":{"start":{"line":367,"column":39},"end":{"line":557,"column":1}},"line":367},"9":{"name":"(anonymous_9)","decl":{"start":{"line":480,"column":49},"end":{"line":480,"column":50}},"loc":{"start":{"line":480,"column":61},"end":{"line":480,"column":80}},"line":480},"10":{"name":"(anonymous_10)","decl":{"start":{"line":560,"column":27},"end":{"line":560,"column":28}},"loc":{"start":{"line":560,"column":47},"end":{"line":635,"column":1}},"line":560},"11":{"name":"(anonymous_11)","decl":{"start":{"line":638,"column":19},"end":{"line":638,"column":20}},"loc":{"start":{"line":638,"column":39},"end":{"line":677,"column":1}},"line":638},"12":{"name":"(anonymous_12)","decl":{"start":{"line":680,"column":20},"end":{"line":680,"column":21}},"loc":{"start":{"line":680,"column":40},"end":{"line":739,"column":1}},"line":680},"13":{"name":"(anonymous_13)","decl":{"start":{"line":709,"column":34},"end":{"line":709,"column":35}},"loc":{"start":{"line":709,"column":43},"end":{"line":727,"column":9}},"line":709}},"branchMap":{"0":{"loc":{"start":{"line":8,"column":2},"end":{"line":8,"column":27}},"type":"if","locations":[{"start":{"line":8,"column":2},"end":{"line":8,"column":27}},{"start":{},"end":{}}],"line":8},"1":{"loc":{"start":{"line":10,"column":2},"end":{"line":12,"column":3}},"type":"if","locations":[{"start":{"line":10,"column":2},"end":{"line":12,"column":3}},{"start":{},"end":{}}],"line":10},"2":{"loc":{"start":{"line":59,"column":4},"end":{"line":63,"column":5}},"type":"if","locations":[{"start":{"line":59,"column":4},"end":{"line":63,"column":5}},{"start":{},"end":{}}],"line":59},"3":{"loc":{"start":{"line":66,"column":4},"end":{"line":77,"column":5}},"type":"if","locations":[{"start":{"line":66,"column":4},"end":{"line":77,"column":5}},{"start":{},"end":{}}],"line":66},"4":{"loc":{"start":{"line":67,"column":28},"end":{"line":69,"column":64}},"type":"cond-expr","locations":[{"start":{"line":68,"column":10},"end":{"line":68,"column":46}},{"start":{"line":69,"column":10},"end":{"line":69,"column":64}}],"line":67},"5":{"loc":{"start":{"line":79,"column":4},"end":{"line":83,"column":5}},"type":"if","locations":[{"start":{"line":79,"column":4},"end":{"line":83,"column":5}},{"start":{},"end":{}}],"line":79},"6":{"loc":{"start":{"line":85,"column":4},"end":{"line":89,"column":5}},"type":"if","locations":[{"start":{"line":85,"column":4},"end":{"line":89,"column":5}},{"start":{},"end":{}}],"line":85},"7":{"loc":{"start":{"line":91,"column":4},"end":{"line":95,"column":5}},"type":"if","locations":[{"start":{"line":91,"column":4},"end":{"line":95,"column":5}},{"start":{},"end":{}}],"line":91},"8":{"loc":{"start":{"line":112,"column":21},"end":{"line":112,"column":41}},"type":"binary-expr","locations":[{"start":{"line":112,"column":21},"end":{"line":112,"column":35}},{"start":{"line":112,"column":39},"end":{"line":112,"column":41}}],"line":112},"9":{"loc":{"start":{"line":119,"column":33},"end":{"line":119,"column":56}},"type":"binary-expr","locations":[{"start":{"line":119,"column":33},"end":{"line":119,"column":51}},{"start":{"line":119,"column":55},"end":{"line":119,"column":56}}],"line":119},"10":{"loc":{"start":{"line":120,"column":42},"end":{"line":120,"column":75}},"type":"binary-expr","locations":[{"start":{"line":120,"column":42},"end":{"line":120,"column":70}},{"start":{"line":120,"column":74},"end":{"line":120,"column":75}}],"line":120},"11":{"loc":{"start":{"line":167,"column":4},"end":{"line":172,"column":5}},"type":"if","locations":[{"start":{"line":167,"column":4},"end":{"line":172,"column":5}},{"start":{},"end":{}}],"line":167},"12":{"loc":{"start":{"line":186,"column":21},"end":{"line":186,"column":41}},"type":"binary-expr","locations":[{"start":{"line":186,"column":21},"end":{"line":186,"column":35}},{"start":{"line":186,"column":39},"end":{"line":186,"column":41}}],"line":186},"13":{"loc":{"start":{"line":193,"column":33},"end":{"line":193,"column":56}},"type":"binary-expr","locations":[{"start":{"line":193,"column":33},"end":{"line":193,"column":51}},{"start":{"line":193,"column":55},"end":{"line":193,"column":56}}],"line":193},"14":{"loc":{"start":{"line":194,"column":42},"end":{"line":194,"column":75}},"type":"binary-expr","locations":[{"start":{"line":194,"column":42},"end":{"line":194,"column":70}},{"start":{"line":194,"column":74},"end":{"line":194,"column":75}}],"line":194},"15":{"loc":{"start":{"line":219,"column":6},"end":{"line":219,"column":23}},"type":"default-arg","locations":[{"start":{"line":219,"column":21},"end":{"line":219,"column":23}}],"line":219},"16":{"loc":{"start":{"line":220,"column":6},"end":{"line":220,"column":25}},"type":"default-arg","locations":[{"start":{"line":220,"column":17},"end":{"line":220,"column":25}}],"line":220},"17":{"loc":{"start":{"line":221,"column":6},"end":{"line":221,"column":21}},"type":"default-arg","locations":[{"start":{"line":221,"column":15},"end":{"line":221,"column":21}}],"line":221},"18":{"loc":{"start":{"line":227,"column":4},"end":{"line":232,"column":5}},"type":"if","locations":[{"start":{"line":227,"column":4},"end":{"line":232,"column":5}},{"start":{},"end":{}}],"line":227},"19":{"loc":{"start":{"line":236,"column":4},"end":{"line":241,"column":5}},"type":"if","locations":[{"start":{"line":236,"column":4},"end":{"line":241,"column":5}},{"start":{},"end":{}}],"line":236},"20":{"loc":{"start":{"line":236,"column":8},"end":{"line":236,"column":55}},"type":"binary-expr","locations":[{"start":{"line":236,"column":8},"end":{"line":236,"column":16}},{"start":{"line":236,"column":20},"end":{"line":236,"column":55}}],"line":236},"21":{"loc":{"start":{"line":245,"column":4},"end":{"line":250,"column":5}},"type":"if","locations":[{"start":{"line":245,"column":4},"end":{"line":250,"column":5}},{"start":{},"end":{}}],"line":245},"22":{"loc":{"start":{"line":245,"column":8},"end":{"line":245,"column":49}},"type":"binary-expr","locations":[{"start":{"line":245,"column":8},"end":{"line":245,"column":14}},{"start":{"line":245,"column":18},"end":{"line":245,"column":49}}],"line":245},"23":{"loc":{"start":{"line":254,"column":4},"end":{"line":260,"column":5}},"type":"if","locations":[{"start":{"line":254,"column":4},"end":{"line":260,"column":5}},{"start":{},"end":{}}],"line":254},"24":{"loc":{"start":{"line":263,"column":25},"end":{"line":263,"column":67}},"type":"cond-expr","locations":[{"start":{"line":263,"column":50},"end":{"line":263,"column":60}},{"start":{"line":263,"column":63},"end":{"line":263,"column":67}}],"line":263},"25":{"loc":{"start":{"line":267,"column":4},"end":{"line":269,"column":5}},"type":"if","locations":[{"start":{"line":267,"column":4},"end":{"line":269,"column":5}},{"start":{},"end":{}}],"line":267},"26":{"loc":{"start":{"line":280,"column":6},"end":{"line":280,"column":25}},"type":"binary-expr","locations":[{"start":{"line":280,"column":6},"end":{"line":280,"column":17}},{"start":{"line":280,"column":21},"end":{"line":280,"column":25}}],"line":280},"27":{"loc":{"start":{"line":281,"column":6},"end":{"line":281,"column":25}},"type":"binary-expr","locations":[{"start":{"line":281,"column":6},"end":{"line":281,"column":17}},{"start":{"line":281,"column":21},"end":{"line":281,"column":25}}],"line":281},"28":{"loc":{"start":{"line":287,"column":6},"end":{"line":287,"column":28}},"type":"binary-expr","locations":[{"start":{"line":287,"column":6},"end":{"line":287,"column":20}},{"start":{"line":287,"column":24},"end":{"line":287,"column":28}}],"line":287},"29":{"loc":{"start":{"line":294,"column":26},"end":{"line":294,"column":73}},"type":"cond-expr","locations":[{"start":{"line":294,"column":56},"end":{"line":294,"column":68}},{"start":{"line":294,"column":71},"end":{"line":294,"column":73}}],"line":294},"30":{"loc":{"start":{"line":295,"column":4},"end":{"line":301,"column":5}},"type":"if","locations":[{"start":{"line":295,"column":4},"end":{"line":301,"column":5}},{"start":{},"end":{}}],"line":295},"31":{"loc":{"start":{"line":340,"column":21},"end":{"line":340,"column":44}},"type":"binary-expr","locations":[{"start":{"line":340,"column":21},"end":{"line":340,"column":38}},{"start":{"line":340,"column":42},"end":{"line":340,"column":44}}],"line":340},"32":{"loc":{"start":{"line":347,"column":33},"end":{"line":347,"column":59}},"type":"binary-expr","locations":[{"start":{"line":347,"column":33},"end":{"line":347,"column":54}},{"start":{"line":347,"column":58},"end":{"line":347,"column":59}}],"line":347},"33":{"loc":{"start":{"line":348,"column":42},"end":{"line":348,"column":78}},"type":"binary-expr","locations":[{"start":{"line":348,"column":42},"end":{"line":348,"column":73}},{"start":{"line":348,"column":77},"end":{"line":348,"column":78}}],"line":348},"34":{"loc":{"start":{"line":382,"column":4},"end":{"line":387,"column":5}},"type":"if","locations":[{"start":{"line":382,"column":4},"end":{"line":387,"column":5}},{"start":{},"end":{}}],"line":382},"35":{"loc":{"start":{"line":392,"column":4},"end":{"line":400,"column":5}},"type":"if","locations":[{"start":{"line":392,"column":4},"end":{"line":400,"column":5}},{"start":{},"end":{}}],"line":392},"36":{"loc":{"start":{"line":394,"column":6},"end":{"line":399,"column":7}},"type":"if","locations":[{"start":{"line":394,"column":6},"end":{"line":399,"column":7}},{"start":{},"end":{}}],"line":394},"37":{"loc":{"start":{"line":403,"column":4},"end":{"line":411,"column":5}},"type":"if","locations":[{"start":{"line":403,"column":4},"end":{"line":411,"column":5}},{"start":{},"end":{}}],"line":403},"38":{"loc":{"start":{"line":405,"column":6},"end":{"line":410,"column":7}},"type":"if","locations":[{"start":{"line":405,"column":6},"end":{"line":410,"column":7}},{"start":{},"end":{}}],"line":405},"39":{"loc":{"start":{"line":415,"column":4},"end":{"line":419,"column":5}},"type":"if","locations":[{"start":{"line":415,"column":4},"end":{"line":419,"column":5}},{"start":{"line":417,"column":11},"end":{"line":419,"column":5}}],"line":415},"40":{"loc":{"start":{"line":415,"column":8},"end":{"line":415,"column":68}},"type":"binary-expr","locations":[{"start":{"line":415,"column":8},"end":{"line":415,"column":30}},{"start":{"line":415,"column":34},"end":{"line":415,"column":68}}],"line":415},"41":{"loc":{"start":{"line":417,"column":11},"end":{"line":419,"column":5}},"type":"if","locations":[{"start":{"line":417,"column":11},"end":{"line":419,"column":5}},{"start":{},"end":{}}],"line":417},"42":{"loc":{"start":{"line":417,"column":15},"end":{"line":417,"column":47}},"type":"binary-expr","locations":[{"start":{"line":417,"column":15},"end":{"line":417,"column":21}},{"start":{"line":417,"column":25},"end":{"line":417,"column":47}}],"line":417},"43":{"loc":{"start":{"line":426,"column":4},"end":{"line":430,"column":5}},"type":"if","locations":[{"start":{"line":426,"column":4},"end":{"line":430,"column":5}},{"start":{},"end":{}}],"line":426},"44":{"loc":{"start":{"line":431,"column":4},"end":{"line":435,"column":5}},"type":"if","locations":[{"start":{"line":431,"column":4},"end":{"line":435,"column":5}},{"start":{},"end":{}}],"line":431},"45":{"loc":{"start":{"line":436,"column":4},"end":{"line":440,"column":5}},"type":"if","locations":[{"start":{"line":436,"column":4},"end":{"line":440,"column":5}},{"start":{},"end":{}}],"line":436},"46":{"loc":{"start":{"line":441,"column":4},"end":{"line":445,"column":5}},"type":"if","locations":[{"start":{"line":441,"column":4},"end":{"line":445,"column":5}},{"start":{},"end":{}}],"line":441},"47":{"loc":{"start":{"line":446,"column":4},"end":{"line":453,"column":5}},"type":"if","locations":[{"start":{"line":446,"column":4},"end":{"line":453,"column":5}},{"start":{},"end":{}}],"line":446},"48":{"loc":{"start":{"line":454,"column":4},"end":{"line":460,"column":5}},"type":"if","locations":[{"start":{"line":454,"column":4},"end":{"line":460,"column":5}},{"start":{},"end":{}}],"line":454},"49":{"loc":{"start":{"line":456,"column":31},"end":{"line":456,"column":71}},"type":"cond-expr","locations":[{"start":{"line":456,"column":42},"end":{"line":456,"column":64}},{"start":{"line":456,"column":67},"end":{"line":456,"column":71}}],"line":456},"50":{"loc":{"start":{"line":463,"column":4},"end":{"line":470,"column":5}},"type":"if","locations":[{"start":{"line":463,"column":4},"end":{"line":470,"column":5}},{"start":{},"end":{}}],"line":463},"51":{"loc":{"start":{"line":473,"column":4},"end":{"line":486,"column":5}},"type":"if","locations":[{"start":{"line":473,"column":4},"end":{"line":486,"column":5}},{"start":{},"end":{}}],"line":473},"52":{"loc":{"start":{"line":478,"column":28},"end":{"line":478,"column":75}},"type":"cond-expr","locations":[{"start":{"line":478,"column":58},"end":{"line":478,"column":70}},{"start":{"line":478,"column":73},"end":{"line":478,"column":75}}],"line":478},"53":{"loc":{"start":{"line":479,"column":6},"end":{"line":485,"column":7}},"type":"if","locations":[{"start":{"line":479,"column":6},"end":{"line":485,"column":7}},{"start":{},"end":{}}],"line":479},"54":{"loc":{"start":{"line":489,"column":4},"end":{"line":494,"column":5}},"type":"if","locations":[{"start":{"line":489,"column":4},"end":{"line":494,"column":5}},{"start":{},"end":{}}],"line":489},"55":{"loc":{"start":{"line":489,"column":8},"end":{"line":489,"column":58}},"type":"binary-expr","locations":[{"start":{"line":489,"column":8},"end":{"line":489,"column":28}},{"start":{"line":489,"column":32},"end":{"line":489,"column":58}}],"line":489},"56":{"loc":{"start":{"line":533,"column":21},"end":{"line":533,"column":48}},"type":"binary-expr","locations":[{"start":{"line":533,"column":21},"end":{"line":533,"column":42}},{"start":{"line":533,"column":46},"end":{"line":533,"column":48}}],"line":533},"57":{"loc":{"start":{"line":540,"column":33},"end":{"line":540,"column":63}},"type":"binary-expr","locations":[{"start":{"line":540,"column":33},"end":{"line":540,"column":58}},{"start":{"line":540,"column":62},"end":{"line":540,"column":63}}],"line":540},"58":{"loc":{"start":{"line":541,"column":42},"end":{"line":541,"column":82}},"type":"binary-expr","locations":[{"start":{"line":541,"column":42},"end":{"line":541,"column":77}},{"start":{"line":541,"column":81},"end":{"line":541,"column":82}}],"line":541},"59":{"loc":{"start":{"line":565,"column":4},"end":{"line":570,"column":5}},"type":"if","locations":[{"start":{"line":565,"column":4},"end":{"line":570,"column":5}},{"start":{},"end":{}}],"line":565},"60":{"loc":{"start":{"line":574,"column":4},"end":{"line":579,"column":5}},"type":"if","locations":[{"start":{"line":574,"column":4},"end":{"line":579,"column":5}},{"start":{},"end":{}}],"line":574},"61":{"loc":{"start":{"line":583,"column":26},"end":{"line":583,"column":81}},"type":"cond-expr","locations":[{"start":{"line":583,"column":54},"end":{"line":583,"column":65}},{"start":{"line":583,"column":68},"end":{"line":583,"column":81}}],"line":583},"62":{"loc":{"start":{"line":602,"column":4},"end":{"line":609,"column":5}},"type":"if","locations":[{"start":{"line":602,"column":4},"end":{"line":609,"column":5}},{"start":{},"end":{}}],"line":602},"63":{"loc":{"start":{"line":602,"column":8},"end":{"line":602,"column":65}},"type":"binary-expr","locations":[{"start":{"line":602,"column":8},"end":{"line":602,"column":39}},{"start":{"line":602,"column":43},"end":{"line":602,"column":65}}],"line":602},"64":{"loc":{"start":{"line":644,"column":4},"end":{"line":649,"column":5}},"type":"if","locations":[{"start":{"line":644,"column":4},"end":{"line":649,"column":5}},{"start":{},"end":{}}],"line":644},"65":{"loc":{"start":{"line":657,"column":4},"end":{"line":663,"column":5}},"type":"if","locations":[{"start":{"line":657,"column":4},"end":{"line":663,"column":5}},{"start":{},"end":{}}],"line":657},"66":{"loc":{"start":{"line":716,"column":21},"end":{"line":716,"column":41}},"type":"binary-expr","locations":[{"start":{"line":716,"column":21},"end":{"line":716,"column":35}},{"start":{"line":716,"column":39},"end":{"line":716,"column":41}}],"line":716}},"s":{"0":1,"1":1,"2":13,"3":8,"4":5,"5":5,"6":0,"7":0,"8":0,"9":0,"10":0,"11":1,"12":7,"13":7,"14":7,"15":7,"16":7,"17":7,"18":1,"19":1,"20":1,"21":7,"22":1,"23":0,"24":3,"25":1,"26":1,"27":1,"28":7,"29":1,"30":1,"31":1,"32":7,"33":1,"34":1,"35":1,"36":7,"37":1,"38":1,"39":1,"40":7,"41":7,"42":6,"43":3,"44":1,"45":1,"46":1,"47":2,"48":2,"49":2,"50":2,"51":1,"52":1,"53":1,"54":0,"55":0,"56":1,"57":7,"58":7,"59":7,"60":1,"61":6,"62":6,"63":1,"64":5,"65":5,"66":1,"67":4,"68":4,"69":1,"70":1,"71":4,"72":4,"73":4,"74":1,"75":4,"76":4,"77":4,"78":4,"79":1,"80":3,"81":1,"82":4,"83":4,"84":4,"85":0,"86":0,"87":1,"88":8,"89":8,"90":8,"91":8,"92":8,"93":1,"94":7,"95":7,"96":1,"97":1,"98":1,"99":6,"100":3,"101":3,"102":1,"103":5,"104":5,"105":1,"106":4,"107":1,"108":5,"109":5,"110":5,"111":5,"112":1,"113":1,"114":1,"115":5,"116":0,"117":0,"118":0,"119":5,"120":0,"121":0,"122":0,"123":5,"124":0,"125":0,"126":0,"127":5,"128":2,"129":2,"130":2,"131":2,"132":2,"133":2,"134":5,"135":0,"136":0,"137":0,"138":0,"139":5,"140":3,"141":3,"142":5,"143":1,"144":1,"145":1,"146":1,"147":2,"148":1,"149":5,"150":1,"151":4,"152":4,"153":4,"154":0,"155":0,"156":1,"157":4,"158":4,"159":4,"160":4,"161":1,"162":3,"163":3,"164":1,"165":2,"166":2,"167":2,"168":2,"169":2,"170":2,"171":1,"172":2,"173":2,"174":2,"175":0,"176":0,"177":1,"178":3,"179":3,"180":3,"181":3,"182":1,"183":2,"184":2,"185":2,"186":1,"187":2,"188":0,"189":0,"190":1,"191":2,"192":2,"193":2,"194":2,"195":1,"196":0,"197":0,"198":1},"f":{"0":13,"1":7,"2":0,"3":3,"4":3,"5":2,"6":7,"7":3,"8":8,"9":2,"10":4,"11":3,"12":2,"13":1},"b":{"0":[8,5],"1":[5,0],"2":[1,6],"3":[1,6],"4":[0,1],"5":[1,6],"6":[1,6],"7":[1,6],"8":[3,0],"9":[3,0],"10":[3,0],"11":[1,1],"12":[1,0],"13":[1,0],"14":[1,0],"15":[6],"16":[6],"17":[5],"18":[1,6],"19":[1,5],"20":[6,6],"21":[1,4],"22":[5,5],"23":[1,3],"24":[1,3],"25":[1,3],"26":[4,4],"27":[4,3],"28":[4,4],"29":[4,0],"30":[1,3],"31":[4,0],"32":[4,0],"33":[4,0],"34":[1,7],"35":[1,6],"36":[1,0],"37":[3,3],"38":[1,2],"39":[1,4],"40":[5,1],"41":[1,3],"42":[4,1],"43":[1,4],"44":[0,5],"45":[0,5],"46":[0,5],"47":[2,3],"48":[0,5],"49":[0,0],"50":[3,2],"51":[1,4],"52":[1,0],"53":[1,0],"54":[1,4],"55":[5,2],"56":[4,0],"57":[4,0],"58":[4,0],"59":[1,3],"60":[1,2],"61":[1,1],"62":[1,1],"63":[2,1],"64":[1,2],"65":[1,1],"66":[1,0]},"_coverageSchema":"1a1c01bbd47fc00a2c39e90264f33305004495a9","hash":"a4bd1bc64bb68753a3d41563de69292a86b41cf2"}
,"/Users/jonasbarysas/Desktop/WEBDEVPROJECTS/ARENATOOL/arena-pm-tool/server/middleware/auth.js": {"path":"/Users/jonasbarysas/Desktop/WEBDEVPROJECTS/ARENATOOL/arena-pm-tool/server/middleware/auth.js","statementMap":{"0":{"start":{"line":4,"column":12},"end":{"line":4,"column":35}},"1":{"start":{"line":7,"column":23},"end":{"line":63,"column":1}},"2":{"start":{"line":8,"column":2},"end":{"line":62,"column":3}},"3":{"start":{"line":10,"column":16},"end":{"line":10,"column":33}},"4":{"start":{"line":12,"column":4},"end":{"line":18,"column":5}},"5":{"start":{"line":14,"column":25},"end":{"line":14,"column":50}},"6":{"start":{"line":15,"column":6},"end":{"line":17,"column":7}},"7":{"start":{"line":16,"column":8},"end":{"line":16,"column":40}},"8":{"start":{"line":21,"column":4},"end":{"line":26,"column":5}},"9":{"start":{"line":22,"column":6},"end":{"line":25,"column":9}},"10":{"start":{"line":29,"column":20},"end":{"line":29,"column":61}},"11":{"start":{"line":32,"column":4},"end":{"line":36,"column":6}},"12":{"start":{"line":39,"column":4},"end":{"line":39,"column":11}},"13":{"start":{"line":42,"column":4},"end":{"line":47,"column":5}},"14":{"start":{"line":43,"column":6},"end":{"line":46,"column":9}},"15":{"start":{"line":49,"column":4},"end":{"line":54,"column":5}},"16":{"start":{"line":50,"column":6},"end":{"line":53,"column":9}},"17":{"start":{"line":57,"column":4},"end":{"line":61,"column":7}},"18":{"start":{"line":66,"column":24},"end":{"line":75,"column":1}},"19":{"start":{"line":67,"column":2},"end":{"line":74,"column":3}},"20":{"start":{"line":68,"column":4},"end":{"line":68,"column":11}},"21":{"start":{"line":70,"column":4},"end":{"line":73,"column":7}},"22":{"start":{"line":77,"column":0},"end":{"line":80,"column":2}}},"fnMap":{"0":{"name":"(anonymous_0)","decl":{"start":{"line":7,"column":23},"end":{"line":7,"column":24}},"loc":{"start":{"line":7,"column":49},"end":{"line":63,"column":1}},"line":7},"1":{"name":"(anonymous_1)","decl":{"start":{"line":66,"column":24},"end":{"line":66,"column":25}},"loc":{"start":{"line":66,"column":44},"end":{"line":75,"column":1}},"line":66}},"branchMap":{"0":{"loc":{"start":{"line":12,"column":4},"end":{"line":18,"column":5}},"type":"if","locations":[{"start":{"line":12,"column":4},"end":{"line":18,"column":5}},{"start":{},"end":{}}],"line":12},"1":{"loc":{"start":{"line":12,"column":8},"end":{"line":12,"column":43}},"type":"binary-expr","locations":[{"start":{"line":12,"column":8},"end":{"line":12,"column":14}},{"start":{"line":12,"column":18},"end":{"line":12,"column":43}}],"line":12},"2":{"loc":{"start":{"line":15,"column":6},"end":{"line":17,"column":7}},"type":"if","locations":[{"start":{"line":15,"column":6},"end":{"line":17,"column":7}},{"start":{},"end":{}}],"line":15},"3":{"loc":{"start":{"line":21,"column":4},"end":{"line":26,"column":5}},"type":"if","locations":[{"start":{"line":21,"column":4},"end":{"line":26,"column":5}},{"start":{},"end":{}}],"line":21},"4":{"loc":{"start":{"line":42,"column":4},"end":{"line":47,"column":5}},"type":"if","locations":[{"start":{"line":42,"column":4},"end":{"line":47,"column":5}},{"start":{},"end":{}}],"line":42},"5":{"loc":{"start":{"line":49,"column":4},"end":{"line":54,"column":5}},"type":"if","locations":[{"start":{"line":49,"column":4},"end":{"line":54,"column":5}},{"start":{},"end":{}}],"line":49},"6":{"loc":{"start":{"line":67,"column":2},"end":{"line":74,"column":3}},"type":"if","locations":[{"start":{"line":67,"column":2},"end":{"line":74,"column":3}},{"start":{"line":69,"column":9},"end":{"line":74,"column":3}}],"line":67},"7":{"loc":{"start":{"line":67,"column":6},"end":{"line":67,"column":43}},"type":"binary-expr","locations":[{"start":{"line":67,"column":6},"end":{"line":67,"column":14}},{"start":{"line":67,"column":18},"end":{"line":67,"column":43}}],"line":67}},"s":{"0":1,"1":1,"2":8,"3":8,"4":8,"5":2,"6":2,"7":1,"8":8,"9":2,"10":6,"11":3,"12":3,"13":3,"14":1,"15":2,"16":1,"17":1,"18":1,"19":4,"20":1,"21":3,"22":1},"f":{"0":8,"1":4},"b":{"0":[2,6],"1":[8,3],"2":[1,1],"3":[2,6],"4":[1,2],"5":[1,1],"6":[1,3],"7":[4,2]},"_coverageSchema":"1a1c01bbd47fc00a2c39e90264f33305004495a9","hash":"9542613800a6a4291378c5de1e3ad9952c526469"}
}
