TN:
SF:controllers/authController.js
FN:9,(anonymous_0)
FN:18,(anonymous_1)
FN:121,(anonymous_2)
FN:195,(anonymous_3)
FN:215,(anonymous_4)
FN:256,(anonymous_5)
FN:265,(anonymous_6)
FNF:7
FNH:7
FNDA:5,(anonymous_0)
FNDA:12,(anonymous_1)
FNDA:6,(anonymous_2)
FNDA:1,(anonymous_3)
FNDA:3,(anonymous_4)
FNDA:3,(anonymous_5)
FNDA:2,(anonymous_6)
DA:4,1
DA:5,1
DA:6,1
DA:9,1
DA:10,5
DA:18,1
DA:19,12
DA:20,12
DA:23,12
DA:24,3
DA:31,9
DA:32,9
DA:33,1
DA:40,8
DA:41,1
DA:48,7
DA:53,6
DA:54,1
DA:61,5
DA:62,5
DA:65,5
DA:66,5
DA:67,1
DA:74,4
DA:75,4
DA:77,4
DA:82,4
DA:85,4
DA:88,4
DA:96,4
DA:111,1
DA:112,1
DA:121,1
DA:122,6
DA:123,6
DA:126,6
DA:127,2
DA:134,4
DA:139,3
DA:140,1
DA:146,2
DA:149,2
DA:151,2
DA:152,1
DA:159,1
DA:162,1
DA:170,1
DA:185,1
DA:186,1
DA:195,1
DA:196,1
DA:198,1
DA:200,1
DA:205,0
DA:206,0
DA:215,1
DA:216,3
DA:218,3
DA:223,2
DA:224,1
DA:230,1
DA:232,1
DA:246,1
DA:247,1
DA:256,1
DA:257,3
DA:258,3
DA:262,2
DA:265,2
DA:276,1
DA:277,1
DA:285,1
LF:72
LH:70
BRDA:23,0,0,3
BRDA:23,0,1,9
BRDA:23,1,0,12
BRDA:23,1,1,11
BRDA:23,1,2,10
BRDA:32,2,0,1
BRDA:32,2,1,8
BRDA:40,3,0,1
BRDA:40,3,1,7
BRDA:53,4,0,1
BRDA:53,4,1,5
BRDA:66,5,0,1
BRDA:66,5,1,4
BRDA:75,6,0,3
BRDA:75,6,1,1
BRDA:126,7,0,2
BRDA:126,7,1,4
BRDA:126,8,0,6
BRDA:126,8,1,5
BRDA:139,9,0,1
BRDA:139,9,1,2
BRDA:151,10,0,1
BRDA:151,10,1,1
BRDA:223,11,0,1
BRDA:223,11,1,1
BRF:25
BRH:25
end_of_record
TN:
SF:controllers/categoryController.js
FN:7,(anonymous_0)
FN:24,(anonymous_1)
FN:48,(anonymous_2)
FN:96,(anonymous_3)
FN:169,(anonymous_4)
FN:270,(anonymous_5)
FNF:6
FNH:6
FNDA:3,(anonymous_0)
FNDA:2,(anonymous_1)
FNDA:2,(anonymous_2)
FNDA:7,(anonymous_3)
FNDA:7,(anonymous_4)
FNDA:3,(anonymous_5)
DA:4,1
DA:7,1
DA:8,3
DA:9,3
DA:21,2
DA:24,2
DA:38,1
DA:39,1
DA:48,1
DA:49,2
DA:50,2
DA:52,2
DA:61,2
DA:62,1
DA:68,1
DA:70,1
DA:86,0
DA:87,0
DA:96,1
DA:97,7
DA:98,7
DA:101,7
DA:102,1
DA:109,6
DA:110,2
DA:117,4
DA:122,4
DA:123,1
DA:130,3
DA:133,3
DA:135,3
DA:141,3
DA:143,3
DA:159,0
DA:160,0
DA:169,1
DA:170,7
DA:171,7
DA:172,7
DA:175,7
DA:176,7
DA:177,1
DA:184,6
DA:185,1
DA:192,5
DA:193,2
DA:198,2
DA:199,1
DA:207,4
DA:208,4
DA:209,4
DA:211,4
DA:212,1
DA:213,1
DA:214,1
DA:216,4
DA:217,1
DA:218,1
DA:219,1
DA:221,4
DA:222,1
DA:223,1
DA:224,1
DA:227,4
DA:228,1
DA:234,3
DA:235,3
DA:242,3
DA:244,3
DA:260,0
DA:261,0
DA:270,1
DA:271,3
DA:272,3
DA:275,3
DA:276,3
DA:277,1
DA:283,2
DA:286,2
DA:291,2
DA:293,2
DA:294,1
DA:301,1
DA:304,1
DA:310,1
DA:315,0
DA:316,0
DA:324,1
LF:88
LH:80
BRDA:61,0,0,1
BRDA:61,0,1,1
BRDA:98,1,0,4
BRDA:101,2,0,1
BRDA:101,2,1,6
BRDA:109,3,0,2
BRDA:109,3,1,4
BRDA:109,4,0,6
BRDA:109,4,1,6
BRDA:122,5,0,1
BRDA:122,5,1,3
BRDA:176,6,0,1
BRDA:176,6,1,6
BRDA:184,7,0,1
BRDA:184,7,1,5
BRDA:184,8,0,6
BRDA:184,8,1,2
BRDA:192,9,0,2
BRDA:192,9,1,3
BRDA:198,10,0,1
BRDA:198,10,1,1
BRDA:211,11,0,1
BRDA:211,11,1,3
BRDA:216,12,0,1
BRDA:216,12,1,3
BRDA:221,13,0,1
BRDA:221,13,1,3
BRDA:227,14,0,1
BRDA:227,14,1,3
BRDA:276,15,0,1
BRDA:276,15,1,2
BRDA:293,16,0,1
BRDA:293,16,1,1
BRF:33
BRH:33
end_of_record
TN:
SF:controllers/commentController.js
FN:7,(anonymous_0)
FN:25,(anonymous_1)
FN:49,(anonymous_2)
FN:121,(anonymous_3)
FN:199,(anonymous_4)
FNF:5
FNH:5
FNDA:3,(anonymous_0)
FNDA:2,(anonymous_1)
FNDA:5,(anonymous_2)
FNDA:4,(anonymous_3)
FNDA:3,(anonymous_4)
DA:4,1
DA:7,1
DA:8,3
DA:9,3
DA:11,3
DA:22,2
DA:25,2
DA:39,1
DA:40,1
DA:49,1
DA:50,5
DA:51,5
DA:52,5
DA:53,5
DA:56,5
DA:57,2
DA:64,3
DA:65,3
DA:66,1
DA:73,2
DA:79,2
DA:82,2
DA:92,2
DA:94,2
DA:111,0
DA:112,0
DA:121,1
DA:122,4
DA:123,4
DA:124,4
DA:125,4
DA:128,4
DA:129,1
DA:136,3
DA:137,3
DA:138,1
DA:144,2
DA:145,2
DA:146,1
DA:153,1
DA:160,1
DA:170,1
DA:172,1
DA:189,0
DA:190,0
DA:199,1
DA:200,3
DA:201,3
DA:202,3
DA:205,3
DA:206,3
DA:207,1
DA:213,2
DA:214,2
DA:215,1
DA:222,1
DA:224,1
DA:229,0
DA:230,0
DA:238,1
LF:60
LH:54
BRDA:56,0,0,2
BRDA:56,0,1,3
BRDA:56,1,0,5
BRDA:56,1,1,4
BRDA:65,2,0,1
BRDA:65,2,1,2
BRDA:128,3,0,1
BRDA:128,3,1,3
BRDA:128,4,0,4
BRDA:128,4,1,3
BRDA:137,5,0,1
BRDA:137,5,1,2
BRDA:145,6,0,1
BRDA:145,6,1,1
BRDA:206,7,0,1
BRDA:206,7,1,2
BRDA:214,8,0,1
BRDA:214,8,1,1
BRF:18
BRH:18
end_of_record
TN:
SF:controllers/holidayController.js
FN:15,(anonymous_0)
FN:26,(anonymous_1)
FN:60,(anonymous_2)
FNF:3
FNH:0
FNDA:0,(anonymous_0)
FNDA:0,(anonymous_1)
FNDA:0,(anonymous_2)
DA:4,0
DA:5,0
DA:6,0
DA:9,0
DA:10,0
DA:15,0
DA:16,0
DA:17,0
DA:18,0
DA:19,0
DA:26,0
DA:27,0
DA:28,0
DA:31,0
DA:32,0
DA:38,0
DA:41,0
DA:42,0
DA:43,0
DA:50,0
DA:51,0
DA:53,0
DA:54,0
DA:57,0
DA:60,0
DA:69,0
DA:74,0
DA:80,0
DA:81,0
DA:89,0
LF:30
LH:0
BRDA:31,0,0,0
BRDA:31,0,1,0
BRDA:31,1,0,0
BRDA:31,1,1,0
BRDA:42,2,0,0
BRDA:42,2,1,0
BRDA:42,3,0,0
BRDA:42,3,1,0
BRDA:53,4,0,0
BRDA:53,4,1,0
BRDA:62,5,0,0
BRDA:62,5,1,0
BRF:12
BRH:0
end_of_record
TN:
SF:controllers/meController.js
FN:13,(anonymous_0)
FN:63,(anonymous_1)
FN:141,(anonymous_2)
FN:219,(anonymous_3)
FN:297,(anonymous_4)
FN:346,(anonymous_5)
FN:386,(anonymous_6)
FN:439,(anonymous_7)
FNF:8
FNH:0
FNDA:0,(anonymous_0)
FNDA:0,(anonymous_1)
FNDA:0,(anonymous_2)
FNDA:0,(anonymous_3)
FNDA:0,(anonymous_4)
FNDA:0,(anonymous_5)
FNDA:0,(anonymous_6)
FNDA:0,(anonymous_7)
DA:4,0
DA:5,0
DA:6,0
DA:9,0
DA:10,0
DA:13,0
DA:14,0
DA:15,0
DA:23,0
DA:24,0
DA:30,0
DA:32,0
DA:53,0
DA:54,0
DA:63,0
DA:64,0
DA:65,0
DA:68,0
DA:69,0
DA:72,0
DA:73,0
DA:80,0
DA:81,0
DA:88,0
DA:90,0
DA:100,0
DA:101,0
DA:107,0
DA:109,0
DA:131,0
DA:132,0
DA:141,0
DA:142,0
DA:143,0
DA:146,0
DA:147,0
DA:154,0
DA:155,0
DA:162,0
DA:163,0
DA:164,0
DA:166,0
DA:167,0
DA:168,0
DA:171,0
DA:172,0
DA:173,0
DA:176,0
DA:177,0
DA:183,0
DA:185,0
DA:191,0
DA:192,0
DA:198,0
DA:209,0
DA:210,0
DA:219,0
DA:220,0
DA:221,0
DA:224,0
DA:225,0
DA:232,0
DA:233,0
DA:240,0
DA:241,0
DA:242,0
DA:244,0
DA:245,0
DA:246,0
DA:249,0
DA:250,0
DA:251,0
DA:254,0
DA:255,0
DA:261,0
DA:263,0
DA:269,0
DA:270,0
DA:276,0
DA:287,0
DA:288,0
DA:297,0
DA:298,0
DA:299,0
DA:300,0
DA:307,0
DA:312,0
DA:314,0
DA:315,0
DA:316,0
DA:321,0
DA:323,0
DA:328,0
DA:336,0
DA:337,0
DA:346,0
DA:347,0
DA:349,0
DA:354,0
DA:356,0
DA:357,0
DA:358,0
DA:363,0
DA:368,0
DA:376,0
DA:377,0
DA:386,0
DA:387,0
DA:388,0
DA:391,0
DA:410,0
DA:411,0
DA:414,0
DA:415,0
DA:416,0
DA:417,0
DA:418,0
DA:423,0
DA:424,0
DA:425,0
DA:428,0
DA:429,0
DA:431,0
DA:434,0
DA:436,0
DA:439,0
DA:457,0
DA:458,0
DA:466,0
LF:129
LH:0
BRDA:23,0,0,0
BRDA:23,0,1,0
BRDA:72,1,0,0
BRDA:72,1,1,0
BRDA:72,2,0,0
BRDA:72,2,1,0
BRDA:72,2,2,0
BRDA:80,3,0,0
BRDA:80,3,1,0
BRDA:80,4,0,0
BRDA:80,4,1,0
BRDA:80,4,2,0
BRDA:100,5,0,0
BRDA:100,5,1,0
BRDA:146,6,0,0
BRDA:146,6,1,0
BRDA:146,7,0,0
BRDA:146,7,1,0
BRDA:154,8,0,0
BRDA:154,8,1,0
BRDA:154,9,0,0
BRDA:154,9,1,0
BRDA:154,9,2,0
BRDA:166,10,0,0
BRDA:166,10,1,0
BRDA:171,11,0,0
BRDA:171,11,1,0
BRDA:176,12,0,0
BRDA:176,12,1,0
BRDA:191,13,0,0
BRDA:191,13,1,0
BRDA:224,14,0,0
BRDA:224,14,1,0
BRDA:224,15,0,0
BRDA:224,15,1,0
BRDA:232,16,0,0
BRDA:232,16,1,0
BRDA:232,17,0,0
BRDA:232,17,1,0
BRDA:244,18,0,0
BRDA:244,18,1,0
BRDA:249,19,0,0
BRDA:249,19,1,0
BRDA:254,20,0,0
BRDA:254,20,1,0
BRDA:269,21,0,0
BRDA:269,21,1,0
BRDA:299,22,0,0
BRDA:299,22,1,0
BRDA:312,23,0,0
BRDA:312,23,1,0
BRDA:312,24,0,0
BRDA:312,24,1,0
BRDA:315,25,0,0
BRDA:315,25,1,0
BRDA:354,26,0,0
BRDA:354,26,1,0
BRDA:354,27,0,0
BRDA:354,27,1,0
BRDA:357,28,0,0
BRDA:357,28,1,0
BRDA:388,29,0,0
BRDA:388,30,0,0
BRDA:414,31,0,0
BRDA:414,31,1,0
BRDA:415,32,0,0
BRDA:415,32,1,0
BRDA:417,33,0,0
BRDA:417,33,1,0
BRDA:424,34,0,0
BRDA:424,34,1,0
BRDA:425,35,0,0
BRDA:425,35,1,0
BRDA:428,36,0,0
BRDA:428,36,1,0
BRF:75
BRH:0
end_of_record
TN:
SF:controllers/taskController.js
FN:7,(anonymous_0)
FN:21,(anonymous_1)
FN:68,(anonymous_2)
FN:69,(anonymous_3)
FN:105,(anonymous_4)
FN:140,(anonymous_5)
FN:213,(anonymous_6)
FN:296,(anonymous_7)
FN:367,(anonymous_8)
FN:480,(anonymous_9)
FN:560,(anonymous_10)
FN:638,(anonymous_11)
FN:680,(anonymous_12)
FN:709,(anonymous_13)
FNF:14
FNH:13
FNDA:13,(anonymous_0)
FNDA:7,(anonymous_1)
FNDA:0,(anonymous_2)
FNDA:3,(anonymous_3)
FNDA:3,(anonymous_4)
FNDA:2,(anonymous_5)
FNDA:7,(anonymous_6)
FNDA:3,(anonymous_7)
FNDA:8,(anonymous_8)
FNDA:2,(anonymous_9)
FNDA:4,(anonymous_10)
FNDA:3,(anonymous_11)
FNDA:2,(anonymous_12)
FNDA:1,(anonymous_13)
DA:4,1
DA:7,1
DA:8,13
DA:10,5
DA:11,5
DA:13,0
DA:14,0
DA:15,0
DA:16,0
DA:17,0
DA:21,1
DA:22,7
DA:29,7
DA:32,7
DA:55,7
DA:56,7
DA:59,7
DA:60,1
DA:61,1
DA:62,1
DA:66,7
DA:67,1
DA:68,0
DA:69,3
DA:71,1
DA:75,1
DA:76,1
DA:79,7
DA:80,1
DA:81,1
DA:82,1
DA:85,7
DA:86,1
DA:87,1
DA:88,1
DA:91,7
DA:92,1
DA:93,1
DA:94,1
DA:98,7
DA:100,7
DA:102,6
DA:105,3
DA:130,1
DA:131,1
DA:140,1
DA:141,2
DA:142,2
DA:144,2
DA:167,2
DA:168,1
DA:174,1
DA:176,1
DA:203,0
DA:204,0
DA:213,1
DA:214,7
DA:224,7
DA:227,7
DA:228,1
DA:235,6
DA:236,6
DA:237,1
DA:244,5
DA:245,5
DA:246,1
DA:253,4
DA:254,4
DA:255,1
DA:259,1
DA:263,4
DA:266,4
DA:267,4
DA:268,1
DA:271,4
DA:291,4
DA:294,4
DA:295,4
DA:296,3
DA:297,1
DA:304,4
DA:327,4
DA:329,4
DA:357,0
DA:358,0
DA:367,1
DA:368,8
DA:369,8
DA:378,8
DA:381,8
DA:382,8
DA:383,1
DA:389,7
DA:392,7
DA:393,1
DA:394,1
DA:395,1
DA:403,6
DA:404,3
DA:405,3
DA:406,1
DA:414,5
DA:415,5
DA:416,1
DA:417,4
DA:418,1
DA:422,5
DA:423,5
DA:424,5
DA:426,5
DA:427,1
DA:428,1
DA:429,1
DA:431,5
DA:432,0
DA:433,0
DA:434,0
DA:436,5
DA:437,0
DA:438,0
DA:439,0
DA:441,5
DA:442,0
DA:443,0
DA:444,0
DA:446,5
DA:447,2
DA:448,2
DA:449,2
DA:450,2
DA:451,2
DA:452,2
DA:454,5
DA:456,0
DA:457,0
DA:458,0
DA:459,0
DA:463,5
DA:464,3
DA:465,3
DA:473,5
DA:475,1
DA:478,1
DA:479,1
DA:480,2
DA:481,1
DA:489,5
DA:490,1
DA:497,4
DA:520,4
DA:522,4
DA:550,0
DA:551,0
DA:560,1
DA:561,4
DA:562,4
DA:563,4
DA:565,4
DA:566,1
DA:573,3
DA:574,3
DA:575,1
DA:581,2
DA:582,2
DA:583,2
DA:586,2
DA:593,2
DA:602,2
DA:603,1
DA:612,2
DA:613,2
DA:615,2
DA:628,0
DA:629,0
DA:638,1
DA:639,3
DA:640,3
DA:643,3
DA:644,3
DA:645,1
DA:651,2
DA:654,2
DA:657,2
DA:658,1
DA:665,2
DA:670,0
DA:671,0
DA:680,1
DA:681,2
DA:682,2
DA:684,2
DA:706,2
DA:709,1
DA:732,0
DA:733,0
DA:741,1
LF:196
LH:165
BRDA:8,0,0,8
BRDA:8,0,1,5
BRDA:10,1,0,5
BRDA:10,1,1,0
BRDA:59,2,0,1
BRDA:59,2,1,6
BRDA:66,3,0,1
BRDA:66,3,1,6
BRDA:67,4,0,0
BRDA:67,4,1,1
BRDA:79,5,0,1
BRDA:79,5,1,6
BRDA:85,6,0,1
BRDA:85,6,1,6
BRDA:91,7,0,1
BRDA:91,7,1,6
BRDA:112,8,0,3
BRDA:112,8,1,0
BRDA:119,9,0,3
BRDA:119,9,1,0
BRDA:120,10,0,3
BRDA:120,10,1,0
BRDA:167,11,0,1
BRDA:167,11,1,1
BRDA:186,12,0,1
BRDA:186,12,1,0
BRDA:193,13,0,1
BRDA:193,13,1,0
BRDA:194,14,0,1
BRDA:194,14,1,0
BRDA:219,15,0,6
BRDA:220,16,0,6
BRDA:221,17,0,5
BRDA:227,18,0,1
BRDA:227,18,1,6
BRDA:236,19,0,1
BRDA:236,19,1,5
BRDA:236,20,0,6
BRDA:236,20,1,6
BRDA:245,21,0,1
BRDA:245,21,1,4
BRDA:245,22,0,5
BRDA:245,22,1,5
BRDA:254,23,0,1
BRDA:254,23,1,3
BRDA:263,24,0,1
BRDA:263,24,1,3
BRDA:267,25,0,1
BRDA:267,25,1,3
BRDA:280,26,0,4
BRDA:280,26,1,4
BRDA:281,27,0,4
BRDA:281,27,1,3
BRDA:287,28,0,4
BRDA:287,28,1,4
BRDA:294,29,0,4
BRDA:294,29,1,0
BRDA:295,30,0,1
BRDA:295,30,1,3
BRDA:340,31,0,4
BRDA:340,31,1,0
BRDA:347,32,0,4
BRDA:347,32,1,0
BRDA:348,33,0,4
BRDA:348,33,1,0
BRDA:382,34,0,1
BRDA:382,34,1,7
BRDA:392,35,0,1
BRDA:392,35,1,6
BRDA:394,36,0,1
BRDA:394,36,1,0
BRDA:403,37,0,3
BRDA:403,37,1,3
BRDA:405,38,0,1
BRDA:405,38,1,2
BRDA:415,39,0,1
BRDA:415,39,1,4
BRDA:415,40,0,5
BRDA:415,40,1,1
BRDA:417,41,0,1
BRDA:417,41,1,3
BRDA:417,42,0,4
BRDA:417,42,1,1
BRDA:426,43,0,1
BRDA:426,43,1,4
BRDA:431,44,0,0
BRDA:431,44,1,5
BRDA:436,45,0,0
BRDA:436,45,1,5
BRDA:441,46,0,0
BRDA:441,46,1,5
BRDA:446,47,0,2
BRDA:446,47,1,3
BRDA:454,48,0,0
BRDA:454,48,1,5
BRDA:456,49,0,0
BRDA:456,49,1,0
BRDA:463,50,0,3
BRDA:463,50,1,2
BRDA:473,51,0,1
BRDA:473,51,1,4
BRDA:478,52,0,1
BRDA:478,52,1,0
BRDA:479,53,0,1
BRDA:479,53,1,0
BRDA:489,54,0,1
BRDA:489,54,1,4
BRDA:489,55,0,5
BRDA:489,55,1,2
BRDA:533,56,0,4
BRDA:533,56,1,0
BRDA:540,57,0,4
BRDA:540,57,1,0
BRDA:541,58,0,4
BRDA:541,58,1,0
BRDA:565,59,0,1
BRDA:565,59,1,3
BRDA:574,60,0,1
BRDA:574,60,1,2
BRDA:583,61,0,1
BRDA:583,61,1,1
BRDA:602,62,0,1
BRDA:602,62,1,1
BRDA:602,63,0,2
BRDA:602,63,1,1
BRDA:644,64,0,1
BRDA:644,64,1,2
BRDA:657,65,0,1
BRDA:657,65,1,1
BRDA:716,66,0,1
BRDA:716,66,1,0
BRF:131
BRH:106
end_of_record
TN:
SF:middleware/auth.js
FN:7,(anonymous_0)
FN:66,(anonymous_1)
FNF:2
FNH:2
FNDA:8,(anonymous_0)
FNDA:4,(anonymous_1)
DA:4,1
DA:7,1
DA:8,8
DA:10,8
DA:12,8
DA:14,2
DA:15,2
DA:16,1
DA:21,8
DA:22,2
DA:29,6
DA:32,3
DA:39,3
DA:42,3
DA:43,1
DA:49,2
DA:50,1
DA:57,1
DA:66,1
DA:67,4
DA:68,1
DA:70,3
DA:77,1
LF:23
LH:23
BRDA:12,0,0,2
BRDA:12,0,1,6
BRDA:12,1,0,8
BRDA:12,1,1,3
BRDA:15,2,0,1
BRDA:15,2,1,1
BRDA:21,3,0,2
BRDA:21,3,1,6
BRDA:42,4,0,1
BRDA:42,4,1,2
BRDA:49,5,0,1
BRDA:49,5,1,1
BRDA:67,6,0,1
BRDA:67,6,1,3
BRDA:67,7,0,4
BRDA:67,7,1,2
BRF:16
BRH:16
end_of_record
